[LOG] System::create                           : Header version = 2.02.04. Current version = 2.02.04.
[LOG] Manager::init                            : maxchannels = 256 studioflags = 00000006 flags 00000000 extradriverdata 0000000000000000.
[LOG] SystemI::init                            : Initialize version=20204 (121702), maxchannels=256, flags=0x00020000
[LOG] SystemI::setOutputInternal               : Setting output to 'FMOD WASAPI Output'
[LOG] OutputWASAPI::init                       : Mix Format (WAVEFORMATEX): wFormatTag=0xFFFE, nChannels=8, nSamplesPerSec=48000, nAvgBytesPerSec=1536000, nBlockAlign=32, wBitsPerSample=32, cbSize=22.
[LOG] OutputWASAPI::init                       : Mix Format (WAVEFORMATEXTENSIBLE): wValidBitsPerSample=32, dwChannelMask=0x0000063F, SubFormat=00000003-0000-0010-8000-00AA00389B71.
[LOG] OutputWASAPI::init                       : Output buffer size: 4096 samples, latency: 0.00ms, period: 10.00ms, DSP buffer: 1024 * 4
[LOG] DownMix::init                            : dspbuffersize: 1024  rate: 48000. output speaker mode: 7, input speaker mode 3
[LOG] DownMix::init                            : done.
[LOG] Thread::initThread                       : Init FMOD stream thread. Affinity: 0x4000000000000003, Priority: 0xFFFF7FFB, Stack Size: 98304, Semaphore: No, Sleep Time: 10, Looping: Yes.
[LOG] Thread::initThread                       : Init FMOD mixer thread. Affinity: 0x4000000000000001, Priority: 0xFFFF7FFA, Stack Size: 81920, Semaphore: No, Sleep Time: 0, Looping: Yes.
[LOG] AsyncManager::init                       : manager 0000026AB64B1F38 isAsync 0 updatePeriod 0.02
[LOG] AsyncManager::init                       : done
[LOG] PlaybackSystem::init                     : 
[LOG] Thread::initThread                       : Init FMOD Studio sample load thread. Affinity: 0x4000000000000003, Priority: 0xFFFF7FFD, Stack Size: 98304, Semaphore: No, Sleep Time: 1, Looping: No.
[LOG] PlaybackSystem::init                     : done
[LOG] Thread::initThread                       : Init FMOD Studio bank load thread. Affinity: 0x4000000000000003, Priority: 0xFFFF7FFD, Stack Size: 98304, Semaphore: No, Sleep Time: 1, Looping: No.
[LOG] Manager::init                            : done.
[LOG] Manager::readBank                        : fileversion = 141, compatVersion = 140 (oldest = 44, newest = 141)
[LOG] Manager::readBank                        : fileversion = 141, compatVersion = 140 (oldest = 44, newest = 141)
[LOG] Manager::readBank                        : fileversion = 141, compatVersion = 140 (oldest = 44, newest = 141)
[LOG] PlaybackSystem::acquireMasterBus         : Setting master channel group format to 3
[LOG] Manager::readBank                        : fileversion = 141, compatVersion = 140 (oldest = 44, newest = 141)
[LOG] Manager::readBank                        : fileversion = 141, compatVersion = 140 (oldest = 44, newest = 141)
[LOG] Manager::readBank                        : fileversion = 141, compatVersion = 140 (oldest = 44, newest = 141)
[LOG] SystemI::createSoundInternal             : Create name='', mode=0x02000202
[LOG] SystemI::createSoundInternal             : exinfo->cbsize             = 224
[LOG] SystemI::createSoundInternal             : exinfo->length             = 1062688
[LOG] SystemI::createSoundInternal             : exinfo->fileoffset         = 47584
[LOG] SystemI::createSoundInternal             : exinfo->numsubsounds       = 1
[LOG] SystemI::createSoundInternal             : exinfo->inclusionlist      = 000000F119D0F538
[LOG] SystemI::createSoundInternal             : exinfo->inclusionlistnum   = 1
[LOG] SystemI::createSoundInternal             : exinfo->suggestedsoundtype = 5
[LOG] SystemI::createSoundInternal             : exinfo->useropen           = 00007FFEFAC20AD0
[LOG] SystemI::createSoundInternal             : exinfo->userclose          = 00007FFEFAC20AA0
[LOG] SystemI::createSoundInternal             : exinfo->userread           = 00007FFEFAC20BA0
[LOG] SystemI::createSoundInternal             : exinfo->userseek           = 00007FFEFAC20C60
[LOG] SystemI::createSoundInternal             : exinfo->fileuserdata       = 0000026A04402518
[LOG] SystemI::createSoundInternal             : exinfo->initialseekpostype = 1
[LOG] SystemI::DSPCodecPoolRegister            : register codec pool for pool type 5
[LOG] SystemI::createSoundInternal             : Sample 0/1: name='334224__jradcoolness__blaster', format=5, channels=2, frequency=48000, lengthbytes=21344, lengthpcm=43008, pcmblocksize=0, loopstart=0, loopend=0, mode=0x00000000, channelmask=0x00000000, channelorder=0, peakvolume=0.999969.
[LOG] SoundI::release                          :  (0000026AE1145DA8)
[LOG] SoundI::release                          :     334224__jradcoolness__blaster (0000026AB6CDC2F8)
[WRN] ObjectLookup::get                        : Lookup failed for EventModel: {c4f9bcfb-0ef8-4092-a3c5-fc3e28cc93d8}
[WRN] ObjectLookup::get                        : Lookup failed for EventModel: {c4f9bcfb-0ef8-4092-a3c5-fc3e28cc93d8}
[WRN] ObjectLookup::get                        : Lookup failed for EventModel: {c4f9bcfb-0ef8-4092-a3c5-fc3e28cc93d8}
[WRN] ObjectLookup::get                        : Lookup failed for EventModel: {c4f9bcfb-0ef8-4092-a3c5-fc3e28cc93d8}
[WRN] ObjectLookup::get                        : Lookup failed for EventModel: {c4f9bcfb-0ef8-4092-a3c5-fc3e28cc93d8}
[LOG] SoundI::release                          : AMBIENCE Birds Forest Quiet Wind Loop 02 (0000026AB5CEE768)
[LOG] SoundI::release                          :     AMBIENCE Birds Forest Quiet Wind Loop 02 (0000026AB6CDD9B8)
[LOG] SoundI::release                          :     AMBIENCE Birds Forest Quiet Wind Loop 02 (0000026AB5CEBEE8)
[LOG] SoundI::release                          : env_amb_stage00_indoor (0000026AB5CEBB88)
[LOG] SoundI::release                          :     env_amb_stage00_indoor (0000026AB6CDCCB8)
[LOG] SoundI::release                          :     env_amb_stage00_indoor (0000026AB5CEA3E8)
[LOG] SoundI::release                          :  (0000026AB687A108)
[LOG] SoundI::release                          :     char_yuz_Footstep_grass_01 (0000026AB6CDB798)
[LOG] SoundI::release                          :  (0000026AB686EBE8)
[LOG] SoundI::release                          :     char_yuz_Footstep_grass_02 (0000026AB6CDA758)
[LOG] SoundI::release                          :  (0000026AB6871878)
[LOG] SoundI::release                          :     char_yuz_Footstep_grass_03 (0000026AB6CD93D8)
[LOG] SoundI::release                          :  (0000026AB6879588)
[LOG] SoundI::release                          :     char_yuz_Footstep_grass_04 (0000026AB6CDD818)
[LOG] SoundI::release                          :  (0000026AB6879418)
[LOG] SoundI::release                          :     char_yuz_Footstep_asphalt_05 (0000026AB6CD9098)
[LOG] SoundI::release                          :  (0000026AB6878B78)
[LOG] SoundI::release                          :     char_yuz_Footstep_asphalt_01 (0000026AB6CD9578)
[LOG] SoundI::release                          :  (0000026AB6879F98)
[LOG] SoundI::release                          :     char_yuz_Footstep_asphalt_02 (0000026AB6CD7698)
[LOG] SoundI::release                          :  (0000026AB6879138)
[LOG] SoundI::release                          :     char_yuz_Footstep_asphalt_03 (0000026AB6CD7EB8)
[LOG] SoundI::release                          :  (0000026AB687A3E8)
[LOG] SoundI::release                          :     char_yuz_Footstep_asphalt_04 (0000026AB6CD8058)
[LOG] Thread::callback                         : FMOD Studio update thread finished.
[LOG] Thread::callback                         : FMOD Studio bank load thread finished.
[LOG] Thread::callback                         : FMOD Studio sample load thread finished.
[LOG] LiveUpdate::release                      : 
[LOG] LiveUpdate::reset                        : Reset connection (reason Disconnected)
[LOG] Thread::callback                         : FMOD stream thread finished.
[LOG] Thread::callback                         : FMOD mixer thread finished.
[LOG] SystemI::close                           : Closed.
[WRN] ObjectLookup::get                        : Lookup failed for EventModel: {c4f9bcfb-0ef8-4092-a3c5-fc3e28cc93d8}
[WRN] ObjectLookup::get                        : Lookup failed for EventModel: {c4f9bcfb-0ef8-4092-a3c5-fc3e28cc93d8}
[LOG] Manager::readBank                        : fileversion = 141, compatVersion = 140 (oldest = 44, newest = 141)
[LOG] Manager::readBank                        : fileversion = 141, compatVersion = 140 (oldest = 44, newest = 141)
[LOG] Manager::readBank                        : fileversion = 141, compatVersion = 140 (oldest = 44, newest = 141)
[LOG] Manager::readBank                        : fileversion = 141, compatVersion = 140 (oldest = 44, newest = 141)
[LOG] PlaybackSystem::acquireMasterBus         : Setting master channel group format to 3
[LOG] Manager::readBank                        : fileversion = 141, compatVersion = 140 (oldest = 44, newest = 141)
[LOG] Manager::readBank                        : fileversion = 141, compatVersion = 140 (oldest = 44, newest = 141)
[LOG] Manager::readBank                        : fileversion = 141, compatVersion = 140 (oldest = 44, newest = 141)
[LOG] Thread::callback                         : FMOD Studio bank load thread finished.
[LOG] Thread::callback                         : FMOD Studio sample load thread finished.
[LOG] LiveUpdate::release                      : 
[LOG] LiveUpdate::reset                        : Reset connection (reason Disconnected)
[LOG] Thread::callback                         : FMOD stream thread finished.
[LOG] Thread::callback                         : FMOD mixer thread finished.
[LOG] SystemI::close                           : Closed.
[LOG] Thread::callback                         : FMOD nonblocking thread (0) finished.
[LOG] Thread::callback                         : FMOD file thread finished.
