Using pre-set license
Built from '2021.3/staging' branch; Version is '2021.3.1f1 (3b70a0754835) revision 3895456'; Using compiler version '192829333'; Build Type 'Release'
OS: 'Windows 10  (10.0.19044) 64bit Professional' Language: 'ko' Physical Memory: 8050 MB
BatchMode: 1, IsHumanControllingUs: 0, StartBugReporterOnCrash: 0, Is64bit: 1, IsPro: 1

COMMAND LINE ARGUMENTS:
D:\Program Files\Unity\Hub\Editor\2021.3.1f1\Editor\Unity.exe
-adb2
-batchMode
-noUpm
-name
AssetImportWorker11
-projectPath
D:/Unity Class/Dear
-logFile
Logs/AssetImportWorker11.log
-srvPort
51606
Successfully changed project path to: D:/Unity Class/Dear
D:/Unity Class/Dear
[UnityMemory] Configuration Parameters - Can be set up in boot.config
    "memorysetup-bucket-allocator-granularity=16"
    "memorysetup-bucket-allocator-bucket-count=8"
    "memorysetup-bucket-allocator-block-size=33554432"
    "memorysetup-bucket-allocator-block-count=8"
    "memorysetup-main-allocator-block-size=16777216"
    "memorysetup-thread-allocator-block-size=16777216"
    "memorysetup-gfx-main-allocator-block-size=16777216"
    "memorysetup-gfx-thread-allocator-block-size=16777216"
    "memorysetup-cache-allocator-block-size=4194304"
    "memorysetup-typetree-allocator-block-size=2097152"
    "memorysetup-profiler-bucket-allocator-granularity=16"
    "memorysetup-profiler-bucket-allocator-bucket-count=8"
    "memorysetup-profiler-bucket-allocator-block-size=33554432"
    "memorysetup-profiler-bucket-allocator-block-count=8"
    "memorysetup-profiler-allocator-block-size=16777216"
    "memorysetup-profiler-editor-allocator-block-size=1048576"
    "memorysetup-temp-allocator-size-main=16777216"
    "memorysetup-job-temp-allocator-block-size=2097152"
    "memorysetup-job-temp-allocator-block-size-background=1048576"
    "memorysetup-job-temp-allocator-reduction-small-platforms=262144"
    "memorysetup-temp-allocator-size-background-worker=32768"
    "memorysetup-temp-allocator-size-job-worker=262144"
    "memorysetup-temp-allocator-size-preload-manager=33554432"
    "memorysetup-temp-allocator-size-nav-mesh-worker=65536"
    "memorysetup-temp-allocator-size-audio-worker=65536"
    "memorysetup-temp-allocator-size-cloud-worker=32768"
    "memorysetup-temp-allocator-size-gi-baking-worker=262144"
    "memorysetup-temp-allocator-size-gfx=262144"
Refreshing native plugins compatible for Editor in 109.33 ms, found 5 plugins.
Preloading 0 native plugins for Editor in 0.00 ms.
Initialize engine version: 2021.3.1f1 (3b70a0754835)
[Subsystems] Discovering subsystems at path D:/Program Files/Unity/Hub/Editor/2021.3.1f1/Editor/Data/Resources/UnitySubsystems
[Subsystems] Discovering subsystems at path D:/Unity Class/Dear/Assets
GfxDevice: creating device client; threaded=0; jobified=0
Direct3D:
    Version:  Direct3D 11.0 [level 11.1]
    Renderer: NVIDIA GeForce GTX 1060 with Max-Q Design (ID=0x1c20)
    Vendor:   NVIDIA
    VRAM:     6052 MB
    Driver:   30.0.15.1169
Shader 'Universal Render Pipeline/Lit': fallback shader 'Hidden/Universal Render Pipeline/FallbackError' not found
Shader 'Universal Render Pipeline/VR/SpatialMapping/Occlusion': fallback shader 'Hidden/Universal Render Pipeline/FallbackError' not found
Shader 'Universal Render Pipeline/VR/SpatialMapping/Wireframe': fallback shader 'Hidden/Universal Render Pipeline/FallbackError' not found
Shader 'Universal Render Pipeline/Simple Lit': fallback shader 'Hidden/Universal Render Pipeline/FallbackError' not found
Shader 'Universal Render Pipeline/Nature/SpeedTree7': dependency 'BillboardShader' shader 'Universal Render Pipeline/Nature/SpeedTree7 Billboard' not found
Shader 'Hidden/Universal Render Pipeline/StencilDeferred': fallback shader 'Hidden/Universal Render Pipeline/FallbackError' not found
Shader 'Universal Render Pipeline/Baked Lit': fallback shader 'Universal Render Pipeline/Unlit' not found
Shader 'Universal Render Pipeline/Particles/Simple Lit': fallback shader 'Universal Render Pipeline/Particles/Unlit' not found
Shader 'Universal Render Pipeline/Particles/Lit': fallback shader 'Universal Render Pipeline/Particles/Simple Lit' not found
Shader 'Hidden/Universal Render Pipeline/Terrain/Lit (Add Pass)': fallback shader 'Hidden/Universal Render Pipeline/FallbackError' not found
Shader 'Universal Render Pipeline/Complex Lit': fallback shader 'Hidden/Universal Render Pipeline/FallbackError' not found
Shader 'Universal Render Pipeline/Unlit': fallback shader 'Hidden/Universal Render Pipeline/FallbackError' not found
Initialize mono
Mono path[0] = 'D:/Program Files/Unity/Hub/Editor/2021.3.1f1/Editor/Data/Managed'
Mono path[1] = 'D:/Program Files/Unity/Hub/Editor/2021.3.1f1/Editor/Data/MonoBleedingEdge/lib/mono/unityjit-win32'
Mono config path = 'D:/Program Files/Unity/Hub/Editor/2021.3.1f1/Editor/Data/MonoBleedingEdge/etc'
Using monoOptions --debugger-agent=transport=dt_socket,embedding=1,server=y,suspend=n,address=127.0.0.1:56528
Begin MonoManager ReloadAssembly
Registering precompiled unity dll's ...
Register platform support module: D:/Program Files/Unity/Hub/Editor/2021.3.1f1/Editor/Data/PlaybackEngines/WindowsStandaloneSupport/UnityEditor.WindowsStandalone.Extensions.dll
Registered in 0.003830 seconds.
Native extension for WindowsStandalone target not found
Refreshing native plugins compatible for Editor in 82.42 ms, found 5 plugins.
Preloading 0 native plugins for Editor in 0.00 ms.
Mono: successfully reloaded assembly
- Completed reload, in  0.663 seconds
Domain Reload Profiling:
	ReloadAssembly (664ms)
		BeginReloadAssembly (70ms)
			ExecutionOrderSort (0ms)
			DisableScriptedObjects (0ms)
			BackupInstance (0ms)
			ReleaseScriptingObjects (0ms)
			CreateAndSetChildDomain (1ms)
		EndReloadAssembly (478ms)
			LoadAssemblies (69ms)
			RebuildTransferFunctionScriptingTraits (0ms)
			SetupTypeCache (113ms)
			ReleaseScriptCaches (0ms)
			RebuildScriptCaches (32ms)
			SetupLoadedEditorAssemblies (283ms)
				LogAssemblyErrors (0ms)
				InitializePlatformSupportModulesInManaged (7ms)
				SetLoadedEditorAssemblies (0ms)
				RefreshPlugins (82ms)
				BeforeProcessingInitializeOnLoad (1ms)
				ProcessInitializeOnLoadAttributes (135ms)
				ProcessInitializeOnLoadMethodAttributes (56ms)
				AfterProcessingInitializeOnLoad (0ms)
				EditorAssembliesLoaded (0ms)
			ExecutionOrderSort2 (0ms)
			AwakeInstancesAfterBackupRestoration (0ms)
Platform modules already initialized, skipping
Registering precompiled user dll's ...
Registered in 0.005498 seconds.
Begin MonoManager ReloadAssembly
Symbol file LoadedFromMemory is not a mono symbol file
Native extension for WindowsStandalone target not found
Refreshing native plugins compatible for Editor in 79.63 ms, found 5 plugins.
Preloading 0 native plugins for Editor in 0.00 ms.
Mono: successfully reloaded assembly
- Completed reload, in  5.107 seconds
Domain Reload Profiling:
	ReloadAssembly (5108ms)
		BeginReloadAssembly (114ms)
			ExecutionOrderSort (0ms)
			DisableScriptedObjects (6ms)
			BackupInstance (0ms)
			ReleaseScriptingObjects (0ms)
			CreateAndSetChildDomain (20ms)
		EndReloadAssembly (4854ms)
			LoadAssemblies (3345ms)
			RebuildTransferFunctionScriptingTraits (0ms)
			SetupTypeCache (295ms)
			ReleaseScriptCaches (1ms)
			RebuildScriptCaches (77ms)
			SetupLoadedEditorAssemblies (1059ms)
				LogAssemblyErrors (0ms)
				InitializePlatformSupportModulesInManaged (11ms)
				SetLoadedEditorAssemblies (0ms)
				RefreshPlugins (80ms)
				BeforeProcessingInitializeOnLoad (100ms)
				ProcessInitializeOnLoadAttributes (523ms)
				ProcessInitializeOnLoadMethodAttributes (338ms)
				AfterProcessingInitializeOnLoad (6ms)
				EditorAssembliesLoaded (0ms)
			ExecutionOrderSort2 (0ms)
			AwakeInstancesAfterBackupRestoration (11ms)
Platform modules already initialized, skipping
========================================================================
Worker process is ready to serve import requests
Shader 'Hidden/Universal Render Pipeline/Terrain/Lit (Base Pass)': fallback shader 'Hidden/Universal Render Pipeline/FallbackError' not found
WARNING: Shader Unsupported: 'Hidden/Universal Render Pipeline/Terrain/Lit (Base Pass)' - All subshaders removed
WARNING: Shader Did you use #pragma only_renderers and omit this platform?
WARNING: Shader If subshaders removal was intentional, you may have forgotten turning Fallback off?
WARNING: Shader Unsupported: 'Hidden/Universal Render Pipeline/Terrain/Lit (Base Pass)' - All subshaders removed
WARNING: Shader Did you use #pragma only_renderers and omit this platform?
WARNING: Shader If subshaders removal was intentional, you may have forgotten turning Fallback off?
Launched and connected shader compiler UnityShaderCompiler.exe after 1.92 seconds
Refreshing native plugins compatible for Editor in 2.41 ms, found 5 plugins.
Preloading 0 native plugins for Editor in 0.00 ms.
Unloading 4564 Unused Serialized files (Serialized files now loaded: 0)
Unloading 109 unused Assets / (0.8 MB). Loaded Objects now: 4979.
Memory consumption went from 199.5 MB to 198.7 MB.
Total: 4.755200 ms (FindLiveObjects: 0.391900 ms CreateObjectMapping: 0.273500 ms MarkObjects: 3.736300 ms  DeleteObjects: 0.352500 ms)

AssetImportParameters requested are different than current active one (requested -> active):
  custom:video-decoder-ogg-theora: a1e56fd34408186e4bbccfd4996cb3dc -> 
  custom:container-muxer-webm: aa71ff27fc2769a1b78a27578f13a17b -> 
  custom:container-demuxer-webm: 4f35f7cbe854078d1ac9338744f61a02 -> 
  custom:srp/default-shader: 0000e00a000e0de00000e000e0000000 -> 0000e00a000e0de00000e000e02d0000
  custom:video-encoder-webm-vp8: eb34c28f22e8b96e1ab97ce403110664 -> 
  custom:video-codec-MediaFoundation-h265: 746d11721c4dcdbdad8f713fa42b33f4 -> 
  custom:audio-encoder-webm-vorbis: bf7c407c2cedff20999df2af8eb42d56 -> 
  custom:framework-win-MediaFoundation: 216162199b28c13a410421893ffa2e32 -> 
  custom:container-demuxer-ogg: 62fdf1f143b41e24485cea50d1cbac27 -> 
  custom:video-decoder-webm-vp8: 9c59270c3fd7afecdb556c50c9e8de78 -> 
  custom:audio-decoder-ogg-vorbis: bf7c407c2cedff20999df2af8eb42d56 -> 
========================================================================
Received Import Request.
  Time since last request: 7571.387954 seconds.
  path: Assets/Game/Effect/effect_002.png
  artifactKey: Guid(9a55c067d55abc14897d6e74f22332c7) Importer(815301076,1909f56bfc062723c751e8b465ee728b)
Start importing Assets/Game/Effect/effect_002.png using Guid(9a55c067d55abc14897d6e74f22332c7) Importer(815301076,1909f56bfc062723c751e8b465ee728b)  -> (artifact id: 'beae0446d30f44a8a2a3b2d4aaa0f78f') in 0.573406 seconds 
========================================================================
Received Import Request.
  Time since last request: 0.000032 seconds.
  path: Assets/Game/Effect/effect_001.png
  artifactKey: Guid(ed3ea372920764742b6b4551820e0f31) Importer(815301076,1909f56bfc062723c751e8b465ee728b)
Start importing Assets/Game/Effect/effect_001.png using Guid(ed3ea372920764742b6b4551820e0f31) Importer(815301076,1909f56bfc062723c751e8b465ee728b)  -> (artifact id: '2d272db05c87010729e0db170b89e85b') in 0.158570 seconds 
========================================================================
Received Import Request.
  Time since last request: 0.000032 seconds.
  path: Assets/Game/Effect/effect_000.png
  artifactKey: Guid(5b3e8d173345ee1418ab4592f10b1cde) Importer(815301076,1909f56bfc062723c751e8b465ee728b)
Start importing Assets/Game/Effect/effect_000.png using Guid(5b3e8d173345ee1418ab4592f10b1cde) Importer(815301076,1909f56bfc062723c751e8b465ee728b)  -> (artifact id: '8bc075ff5f69ef6be1d77e4d528e6037') in 0.156010 seconds 
========================================================================
Received Import Request.
  Time since last request: 0.000015 seconds.
  path: Assets/Game/Effect/effect_004.mat
  artifactKey: Guid(1c5a0705c85cac94d9fd828b6ea96313) Importer(815301076,1909f56bfc062723c751e8b465ee728b)
Start importing Assets/Game/Effect/effect_004.mat using Guid(1c5a0705c85cac94d9fd828b6ea96313) Importer(815301076,1909f56bfc062723c751e8b465ee728b)  -> (artifact id: '3b0b050eb9a69a65ce621a7ea2b0b482') in 1.170087 seconds 
========================================================================
Received Import Request.
  Time since last request: 0.000022 seconds.
  path: Assets/Game/Effect/effect_005.png
  artifactKey: Guid(b13bc2c0483d28c4cb39e3e9e50539ba) Importer(815301076,1909f56bfc062723c751e8b465ee728b)
Start importing Assets/Game/Effect/effect_005.png using Guid(b13bc2c0483d28c4cb39e3e9e50539ba) Importer(815301076,1909f56bfc062723c751e8b465ee728b)  -> (artifact id: 'b48a8597762c462732213f6eaec34422') in 0.107550 seconds 
========================================================================
Received Import Request.
  Time since last request: 0.000031 seconds.
  path: Assets/Game/Effect/effect_002.mat
  artifactKey: Guid(390de26e22cdf054cabce21dda8a9137) Importer(815301076,1909f56bfc062723c751e8b465ee728b)
Start importing Assets/Game/Effect/effect_002.mat using Guid(390de26e22cdf054cabce21dda8a9137) Importer(815301076,1909f56bfc062723c751e8b465ee728b)  -> (artifact id: '5842bb7d3ac0fedca2a5a77e511e1805') in 0.063056 seconds 
========================================================================
Received Import Request.
  Time since last request: 0.000032 seconds.
  path: Assets/Game/Effect/effect_000.mat
  artifactKey: Guid(1c8653fe4ec59e441889bdbf84d363e8) Importer(815301076,1909f56bfc062723c751e8b465ee728b)
Start importing Assets/Game/Effect/effect_000.mat using Guid(1c8653fe4ec59e441889bdbf84d363e8) Importer(815301076,1909f56bfc062723c751e8b465ee728b)  -> (artifact id: '6a2b27aa26fa4dbc6dced6e9766d3c5a') in 0.044861 seconds 
========================================================================
Received Prepare
Refreshing native plugins compatible for Editor in 11.62 ms, found 5 plugins.
Preloading 0 native plugins for Editor in 0.00 ms.
Unloading 81 Unused Serialized files (Serialized files now loaded: 0)
Unloading 82 unused Assets / (0.7 MB). Loaded Objects now: 5093.
Memory consumption went from 109.0 MB to 108.2 MB.
Total: 18.992200 ms (FindLiveObjects: 0.376700 ms CreateObjectMapping: 0.270500 ms MarkObjects: 18.010100 ms  DeleteObjects: 0.333800 ms)

AssetImportParameters requested are different than current active one (requested -> active):
  custom:video-decoder-ogg-theora: a1e56fd34408186e4bbccfd4996cb3dc -> 
  custom:container-muxer-webm: aa71ff27fc2769a1b78a27578f13a17b -> 
  custom:container-demuxer-webm: 4f35f7cbe854078d1ac9338744f61a02 -> 
  custom:video-encoder-webm-vp8: eb34c28f22e8b96e1ab97ce403110664 -> 
  custom:video-codec-MediaFoundation-h265: 746d11721c4dcdbdad8f713fa42b33f4 -> 
  custom:audio-encoder-webm-vorbis: bf7c407c2cedff20999df2af8eb42d56 -> 
  custom:framework-win-MediaFoundation: 216162199b28c13a410421893ffa2e32 -> 
  custom:container-demuxer-ogg: 62fdf1f143b41e24485cea50d1cbac27 -> 
  custom:video-decoder-webm-vp8: 9c59270c3fd7afecdb556c50c9e8de78 -> 
  custom:audio-decoder-ogg-vorbis: bf7c407c2cedff20999df2af8eb42d56 -> 
========================================================================
Received Import Request.
  Time since last request: 299.031065 seconds.
  path: Assets/Game/pipeLine
  artifactKey: Guid(c8bed3be476b62a4cb62ba6a21c38f0a) Importer(815301076,1909f56bfc062723c751e8b465ee728b)
Start importing Assets/Game/pipeLine using Guid(c8bed3be476b62a4cb62ba6a21c38f0a) Importer(815301076,1909f56bfc062723c751e8b465ee728b)  -> (artifact id: '702d05b06d3a4734b3a748a776bda294') in 0.008766 seconds 
========================================================================
Received Import Request.
  Time since last request: 0.109894 seconds.
  path: Assets/Game/pipeLine/New Universal Render Pipeline Asset.asset
  artifactKey: Guid(cf3b8bd6189a75f4eafb22d8c271c354) Importer(815301076,1909f56bfc062723c751e8b465ee728b)
Start importing Assets/Game/pipeLine/New Universal Render Pipeline Asset.asset using Guid(cf3b8bd6189a75f4eafb22d8c271c354) Importer(815301076,1909f56bfc062723c751e8b465ee728b)  -> (artifact id: 'ec98f8a2e810b823d65bc55240cc57aa') in 0.033496 seconds 
========================================================================
Received Import Request.
  Time since last request: 5.331169 seconds.
  path: Assets/dummyFile/dummy_img.png
  artifactKey: Guid(64c37691cb89ff54d9fb968c2259a90f) Importer(815301076,1909f56bfc062723c751e8b465ee728b)
Start importing Assets/dummyFile/dummy_img.png using Guid(64c37691cb89ff54d9fb968c2259a90f) Importer(815301076,1909f56bfc062723c751e8b465ee728b)  -> (artifact id: 'b34ecb23d419ca5b32294c31dfdc5bb1') in 0.053435 seconds 
========================================================================
Received Import Request.
  Time since last request: 0.802429 seconds.
  path: Assets/Dust_effect/Dust_effect.prefab
  artifactKey: Guid(12453eddca888654cb7241e6f1d654bc) Importer(815301076,1909f56bfc062723c751e8b465ee728b)
Start importing Assets/Dust_effect/Dust_effect.prefab using Guid(12453eddca888654cb7241e6f1d654bc) Importer(815301076,1909f56bfc062723c751e8b465ee728b)  -> (artifact id: '23dfdfc68883b13142e156abbc744028') in 0.042049 seconds 
========================================================================
Received Import Request.
  Time since last request: 0.000051 seconds.
  path: Assets/Dust_effect/Sprite-0002.png
  artifactKey: Guid(6875491d3a58cc24abcdce1719663f2d) Importer(815301076,1909f56bfc062723c751e8b465ee728b)
Start importing Assets/Dust_effect/Sprite-0002.png using Guid(6875491d3a58cc24abcdce1719663f2d) Importer(815301076,1909f56bfc062723c751e8b465ee728b)  -> (artifact id: 'c4823d0a9a4b3a06ac3d722b775f635f') in 0.026784 seconds 
========================================================================
Received Import Request.
  Time since last request: 29.964678 seconds.
  path: Assets/Game/Scenes/GP
  artifactKey: Guid(8cac0d0c9adbdd6428e437a38bf827ab) Importer(815301076,1909f56bfc062723c751e8b465ee728b)
Start importing Assets/Game/Scenes/GP using Guid(8cac0d0c9adbdd6428e437a38bf827ab) Importer(815301076,1909f56bfc062723c751e8b465ee728b)  -> (artifact id: 'dda3a21efd88db8e8c7ea0f9ef7fb63e') in 0.008009 seconds 
========================================================================
Received Import Request.
  Time since last request: 0.571865 seconds.
  path: Assets/Game/Scenes/GP/DAEUN.unity
  artifactKey: Guid(221f60c232fc8b64c8ccccc727f4d55d) Importer(815301076,1909f56bfc062723c751e8b465ee728b)
Start importing Assets/Game/Scenes/GP/DAEUN.unity using Guid(221f60c232fc8b64c8ccccc727f4d55d) Importer(815301076,1909f56bfc062723c751e8b465ee728b)  -> (artifact id: '210f0e439fa45acae48a5400a00b5ea0') in 0.005382 seconds 
========================================================================
Received Import Request.
  Time since last request: 13.269139 seconds.
  path: Assets/Game/Prefab/Effect/Char_Yuz_Effect_000.prefab
  artifactKey: Guid(09293c34dd38ef848b0be2182b225448) Importer(815301076,1909f56bfc062723c751e8b465ee728b)
Start importing Assets/Game/Prefab/Effect/Char_Yuz_Effect_000.prefab using Guid(09293c34dd38ef848b0be2182b225448) Importer(815301076,1909f56bfc062723c751e8b465ee728b)  -> (artifact id: 'c308a4d967eab9fa27ae1f4227384160') in 0.076589 seconds 
========================================================================
Received Import Request.
  Time since last request: 0.060480 seconds.
  path: Assets/Game/Prefab/Effect/Char_Yuz_Effect_002.prefab
  artifactKey: Guid(38c7b11387d0c3d44973e68adc72c6bd) Importer(815301076,1909f56bfc062723c751e8b465ee728b)
Start importing Assets/Game/Prefab/Effect/Char_Yuz_Effect_002.prefab using Guid(38c7b11387d0c3d44973e68adc72c6bd) Importer(815301076,1909f56bfc062723c751e8b465ee728b)  -> (artifact id: '5ce8c8d0d4d2728cae621d1940c43b04') in 0.036949 seconds 
========================================================================
Received Import Request.
  Time since last request: 50.353308 seconds.
  path: Assets/Game/Prefab/Dust_effect/Sprite-0002.png
  artifactKey: Guid(6875491d3a58cc24abcdce1719663f2d) Importer(815301076,1909f56bfc062723c751e8b465ee728b)
Start importing Assets/Game/Prefab/Dust_effect/Sprite-0002.png using Guid(6875491d3a58cc24abcdce1719663f2d) Importer(815301076,1909f56bfc062723c751e8b465ee728b)  -> (artifact id: '199f62ddb70468ff9a9f33cb6b2aa0b0') in 0.012657 seconds 
========================================================================
Received Import Request.
  Time since last request: 14.858519 seconds.
  path: Assets/Game/Prefab/Dust_effect/Dust_effect.prefab
  artifactKey: Guid(12453eddca888654cb7241e6f1d654bc) Importer(815301076,1909f56bfc062723c751e8b465ee728b)
Start importing Assets/Game/Prefab/Dust_effect/Dust_effect.prefab using Guid(12453eddca888654cb7241e6f1d654bc) Importer(815301076,1909f56bfc062723c751e8b465ee728b)  -> (artifact id: 'ae8a0d64d60c8b147b7e90df0bc4a5c9') in 0.029729 seconds 
========================================================================
Received Import Request.
  Time since last request: 251.171625 seconds.
  path: Assets/Dust_effect/Dust_effect.prefab
  artifactKey: Guid(12453eddca888654cb7241e6f1d654bc) Importer(815301076,1909f56bfc062723c751e8b465ee728b)
Start importing Assets/Dust_effect/Dust_effect.prefab using Guid(12453eddca888654cb7241e6f1d654bc) Importer(815301076,1909f56bfc062723c751e8b465ee728b)  -> (artifact id: 'd3ce3ded86c6c97f9a2a7861201be1a0') in 0.016538 seconds 
========================================================================
Received Import Request.
  Time since last request: 192.865367 seconds.
  path: Assets/Dust_effect/Dust_effect.prefab
  artifactKey: Guid(12453eddca888654cb7241e6f1d654bc) Importer(815301076,1909f56bfc062723c751e8b465ee728b)
Start importing Assets/Dust_effect/Dust_effect.prefab using Guid(12453eddca888654cb7241e6f1d654bc) Importer(815301076,1909f56bfc062723c751e8b465ee728b)  -> (artifact id: '784050ef5093ceeac3e0dde651b4e918') in 0.025688 seconds 
========================================================================
Received Import Request.
  Time since last request: 396.653267 seconds.
  path: Assets/UniversalRenderPipelineGlobalSettings.asset
  artifactKey: Guid(0e407871f33587342a684e809b89a97c) Importer(815301076,1909f56bfc062723c751e8b465ee728b)
Start importing Assets/UniversalRenderPipelineGlobalSettings.asset using Guid(0e407871f33587342a684e809b89a97c) Importer(815301076,1909f56bfc062723c751e8b465ee728b)  -> (artifact id: 'ae607ef1b4473f3d9fc0697802c77186') in 0.022857 seconds 
========================================================================
Received Import Request.
  Time since last request: 5823.057198 seconds.
  path: Assets/Dust_effect/Dust_effect.prefab
  artifactKey: Guid(12453eddca888654cb7241e6f1d654bc) Importer(815301076,1909f56bfc062723c751e8b465ee728b)
Start importing Assets/Dust_effect/Dust_effect.prefab using Guid(12453eddca888654cb7241e6f1d654bc) Importer(815301076,1909f56bfc062723c751e8b465ee728b)  -> (artifact id: '788651ff4da0c097d68d01ba0444d8f7') in 0.478214 seconds 
========================================================================
Received Import Request.
  Time since last request: 136.077267 seconds.
  path: Assets/Game/Effect
  artifactKey: Guid(7ea00c81b2b704f40b26deea95d3d71a) Importer(815301076,1909f56bfc062723c751e8b465ee728b)
Start importing Assets/Game/Effect using Guid(7ea00c81b2b704f40b26deea95d3d71a) Importer(815301076,1909f56bfc062723c751e8b465ee728b)  -> (artifact id: '54e2cf570128bb47a104fc353c944774') in 0.034340 seconds 
========================================================================
Received Import Request.
  Time since last request: 13.985261 seconds.
  path: Assets/Dust_effect/support.png
  artifactKey: Guid(5bcd7d3f3bd550a42a964fd1f216d4fe) Importer(815301076,1909f56bfc062723c751e8b465ee728b)
Start importing Assets/Dust_effect/support.png using Guid(5bcd7d3f3bd550a42a964fd1f216d4fe) Importer(815301076,1909f56bfc062723c751e8b465ee728b)  -> (artifact id: 'b8e1ca67f8d87399f8100c8a01062c6f') in 0.106215 seconds 
========================================================================
Received Import Request.
  Time since last request: 0.000032 seconds.
  path: Assets/Dust_effect/New Material 4.mat
  artifactKey: Guid(b858355fd17d8bb4083303dc9602ed04) Importer(815301076,1909f56bfc062723c751e8b465ee728b)
Start importing Assets/Dust_effect/New Material 4.mat using Guid(b858355fd17d8bb4083303dc9602ed04) Importer(815301076,1909f56bfc062723c751e8b465ee728b)  -> (artifact id: '912987ccf18345de46c429ad5f59db08') in 0.222568 seconds 
========================================================================
Received Import Request.
  Time since last request: 12.574986 seconds.
  path: Assets/Dust_effect/support_effect.png
  artifactKey: Guid(5bcd7d3f3bd550a42a964fd1f216d4fe) Importer(815301076,1909f56bfc062723c751e8b465ee728b)
Start importing Assets/Dust_effect/support_effect.png using Guid(5bcd7d3f3bd550a42a964fd1f216d4fe) Importer(815301076,1909f56bfc062723c751e8b465ee728b)  -> (artifact id: 'f3138fbe84952256f3720c216f6e3d3a') in 0.046709 seconds 
========================================================================
Received Import Request.
  Time since last request: 0.000040 seconds.
  path: Assets/Dust_effect/New Material 4.mat
  artifactKey: Guid(b858355fd17d8bb4083303dc9602ed04) Importer(815301076,1909f56bfc062723c751e8b465ee728b)
Start importing Assets/Dust_effect/New Material 4.mat using Guid(b858355fd17d8bb4083303dc9602ed04) Importer(815301076,1909f56bfc062723c751e8b465ee728b)  -> (artifact id: 'e7be26b790cbe08ba53044e938d6c053') in 0.021319 seconds 
========================================================================
Received Import Request.
  Time since last request: 7.634712 seconds.
  path: Assets/Dust_effect/support_effect_001.png
  artifactKey: Guid(5bcd7d3f3bd550a42a964fd1f216d4fe) Importer(815301076,1909f56bfc062723c751e8b465ee728b)
Start importing Assets/Dust_effect/support_effect_001.png using Guid(5bcd7d3f3bd550a42a964fd1f216d4fe) Importer(815301076,1909f56bfc062723c751e8b465ee728b)  -> (artifact id: 'a55fd3ffdea663d5c9d5d4c31e37bb89') in 0.031208 seconds 
========================================================================
Received Import Request.
  Time since last request: 4.327330 seconds.
  path: Assets/Dust_effect/Dust_effect.prefab
  artifactKey: Guid(12453eddca888654cb7241e6f1d654bc) Importer(815301076,1909f56bfc062723c751e8b465ee728b)
Start importing Assets/Dust_effect/Dust_effect.prefab using Guid(12453eddca888654cb7241e6f1d654bc) Importer(815301076,1909f56bfc062723c751e8b465ee728b)  -> (artifact id: '673bbf5496d7ac4246c5e87f0d2b6d54') in 0.023526 seconds 
========================================================================
Received Prepare
Registering precompiled user dll's ...
Registered in 0.117960 seconds.
Begin MonoManager ReloadAssembly
Symbol file LoadedFromMemory is not a mono symbol file
Native extension for WindowsStandalone target not found
Refreshing native plugins compatible for Editor in 2.68 ms, found 5 plugins.
Preloading 0 native plugins for Editor in 0.00 ms.
[ScriptCompilation] NOT recompiling all scripts because this is an import worker process. Reason to compile was: Define symbols changed
Mono: successfully reloaded assembly
- Completed reload, in 16.484 seconds
Domain Reload Profiling:
	ReloadAssembly (16608ms)
		BeginReloadAssembly (7998ms)
			ExecutionOrderSort (0ms)
			DisableScriptedObjects (1244ms)
			BackupInstance (0ms)
			ReleaseScriptingObjects (1ms)
			CreateAndSetChildDomain (3062ms)
		EndReloadAssembly (8184ms)
			LoadAssemblies (6132ms)
			RebuildTransferFunctionScriptingTraits (0ms)
			SetupTypeCache (1044ms)
			ReleaseScriptCaches (6ms)
			RebuildScriptCaches (184ms)
			SetupLoadedEditorAssemblies (1778ms)
				LogAssemblyErrors (0ms)
				InitializePlatformSupportModulesInManaged (28ms)
				SetLoadedEditorAssemblies (1ms)
				RefreshPlugins (3ms)
				BeforeProcessingInitializeOnLoad (196ms)
				ProcessInitializeOnLoadAttributes (1256ms)
				ProcessInitializeOnLoadMethodAttributes (283ms)
				AfterProcessingInitializeOnLoad (9ms)
				EditorAssembliesLoaded (1ms)
			ExecutionOrderSort2 (0ms)
			AwakeInstancesAfterBackupRestoration (49ms)
Platform modules already initialized, skipping
Refreshing native plugins compatible for Editor in 253.19 ms, found 5 plugins.
Preloading 0 native plugins for Editor in 0.00 ms.
Unloading 4562 Unused Serialized files (Serialized files now loaded: 0)
Unloading 124 unused Assets / (4.0 MB). Loaded Objects now: 5182.
Memory consumption went from 213.1 MB to 209.1 MB.
Total: 136.774300 ms (FindLiveObjects: 0.633000 ms CreateObjectMapping: 0.568200 ms MarkObjects: 130.133200 ms  DeleteObjects: 5.437500 ms)

AssetImportParameters requested are different than current active one (requested -> active):
  custom:video-decoder-ogg-theora: a1e56fd34408186e4bbccfd4996cb3dc -> 
  custom:container-muxer-webm: aa71ff27fc2769a1b78a27578f13a17b -> 
  custom:container-demuxer-webm: 4f35f7cbe854078d1ac9338744f61a02 -> 
  custom:video-encoder-webm-vp8: eb34c28f22e8b96e1ab97ce403110664 -> 
  custom:video-codec-MediaFoundation-h265: 746d11721c4dcdbdad8f713fa42b33f4 -> 
  custom:audio-encoder-webm-vorbis: bf7c407c2cedff20999df2af8eb42d56 -> 
  custom:framework-win-MediaFoundation: 216162199b28c13a410421893ffa2e32 -> 
  custom:container-demuxer-ogg: 62fdf1f143b41e24485cea50d1cbac27 -> 
  custom:video-decoder-webm-vp8: 9c59270c3fd7afecdb556c50c9e8de78 -> 
  custom:audio-decoder-ogg-vorbis: bf7c407c2cedff20999df2af8eb42d56 -> 
========================================================================
Received Import Request.
  Time since last request: 1308.903666 seconds.
  path: Packages/com.unity.render-pipelines.universal/Runtime/Materials/Sprite-Lit-Default.mat
  artifactKey: Guid(a97c105638bdf8b4a8650670310a4cd3) Importer(815301076,1909f56bfc062723c751e8b465ee728b)
Start importing Packages/com.unity.render-pipelines.universal/Runtime/Materials/Sprite-Lit-Default.mat using Guid(a97c105638bdf8b4a8650670310a4cd3) Importer(815301076,1909f56bfc062723c751e8b465ee728b)  -> (artifact id: 'c6eff0c29a90c4c49f485a3b1fe99d95') in 0.928326 seconds 
========================================================================
Received Import Request.
  Time since last request: 178.827338 seconds.
  path: Assets/Game/Effect/support_effect_001.mat
  artifactKey: Guid(b858355fd17d8bb4083303dc9602ed04) Importer(815301076,1909f56bfc062723c751e8b465ee728b)
Start importing Assets/Game/Effect/support_effect_001.mat using Guid(b858355fd17d8bb4083303dc9602ed04) Importer(815301076,1909f56bfc062723c751e8b465ee728b)  -> (artifact id: 'b887156b5a0c128029ddebc122153eea') in 0.205785 seconds 
========================================================================
Received Import Request.
  Time since last request: 906.060797 seconds.
  path: Assets/Dust_effect/Dust_effect.prefab
  artifactKey: Guid(12453eddca888654cb7241e6f1d654bc) Importer(815301076,1909f56bfc062723c751e8b465ee728b)
Start importing Assets/Dust_effect/Dust_effect.prefab using Guid(12453eddca888654cb7241e6f1d654bc) Importer(815301076,1909f56bfc062723c751e8b465ee728b)  -> (artifact id: 'c581f5bf32171565ba1dd1e217b949ab') in 0.251309 seconds 
========================================================================
Received Import Request.
  Time since last request: 14.332863 seconds.
  path: Assets/Game/Prefab/Effect
  artifactKey: Guid(e98a6df078838e044a96bd2bde3150ff) Importer(815301076,1909f56bfc062723c751e8b465ee728b)
Start importing Assets/Game/Prefab/Effect using Guid(e98a6df078838e044a96bd2bde3150ff) Importer(815301076,1909f56bfc062723c751e8b465ee728b)  -> (artifact id: 'f64f9743b9640c76c6a2fc1512b5f61d') in 0.031529 seconds 
========================================================================
Received Import Request.
  Time since last request: 52.141561 seconds.
  path: Assets/Game/Prefab/Effect/Support_Effect_000.prefab
  artifactKey: Guid(d922c63e2bef36a449d4219ec910c884) Importer(815301076,1909f56bfc062723c751e8b465ee728b)
Start importing Assets/Game/Prefab/Effect/Support_Effect_000.prefab using Guid(d922c63e2bef36a449d4219ec910c884) Importer(815301076,1909f56bfc062723c751e8b465ee728b)  -> (artifact id: 'f70f101e53bb600bbc039cd944dcce6d') in 0.062963 seconds 
========================================================================
Received Import Request.
  Time since last request: 12.713750 seconds.
  path: Assets/Game/Prefab/Effect/Support_Effect_000.prefab
  artifactKey: Guid(d922c63e2bef36a449d4219ec910c884) Importer(815301076,1909f56bfc062723c751e8b465ee728b)
Start importing Assets/Game/Prefab/Effect/Support_Effect_000.prefab using Guid(d922c63e2bef36a449d4219ec910c884) Importer(815301076,1909f56bfc062723c751e8b465ee728b)  -> (artifact id: 'd9ab37aee35fc8876c15a0580e1c43a9') in 0.106313 seconds 
