Using pre-set license
Built from '2021.3/staging' branch; Version is '2021.3.1f1 (3b70a0754835) revision 3895456'; Using compiler version '192829333'; Build Type 'Release'
OS: 'Windows 10  (10.0.19044) 64bit Professional' Language: 'ko' Physical Memory: 8050 MB
BatchMode: 1, IsHumanControllingUs: 0, StartBugReporterOnCrash: 0, Is64bit: 1, IsPro: 1

COMMAND LINE ARGUMENTS:
D:\Program Files\Unity\Hub\Editor\2021.3.1f1\Editor\Unity.exe
-adb2
-batchMode
-noUpm
-name
AssetImportWorker9
-projectPath
D:/Unity Class/Dear
-logFile
Logs/AssetImportWorker9.log
-srvPort
51606
Successfully changed project path to: D:/Unity Class/Dear
D:/Unity Class/Dear
[UnityMemory] Configuration Parameters - Can be set up in boot.config
    "memorysetup-bucket-allocator-granularity=16"
    "memorysetup-bucket-allocator-bucket-count=8"
    "memorysetup-bucket-allocator-block-size=33554432"
    "memorysetup-bucket-allocator-block-count=8"
    "memorysetup-main-allocator-block-size=16777216"
    "memorysetup-thread-allocator-block-size=16777216"
    "memorysetup-gfx-main-allocator-block-size=16777216"
    "memorysetup-gfx-thread-allocator-block-size=16777216"
    "memorysetup-cache-allocator-block-size=4194304"
    "memorysetup-typetree-allocator-block-size=2097152"
    "memorysetup-profiler-bucket-allocator-granularity=16"
    "memorysetup-profiler-bucket-allocator-bucket-count=8"
    "memorysetup-profiler-bucket-allocator-block-size=33554432"
    "memorysetup-profiler-bucket-allocator-block-count=8"
    "memorysetup-profiler-allocator-block-size=16777216"
    "memorysetup-profiler-editor-allocator-block-size=1048576"
    "memorysetup-temp-allocator-size-main=16777216"
    "memorysetup-job-temp-allocator-block-size=2097152"
    "memorysetup-job-temp-allocator-block-size-background=1048576"
    "memorysetup-job-temp-allocator-reduction-small-platforms=262144"
    "memorysetup-temp-allocator-size-background-worker=32768"
    "memorysetup-temp-allocator-size-job-worker=262144"
    "memorysetup-temp-allocator-size-preload-manager=33554432"
    "memorysetup-temp-allocator-size-nav-mesh-worker=65536"
    "memorysetup-temp-allocator-size-audio-worker=65536"
    "memorysetup-temp-allocator-size-cloud-worker=32768"
    "memorysetup-temp-allocator-size-gi-baking-worker=262144"
    "memorysetup-temp-allocator-size-gfx=262144"
Refreshing native plugins compatible for Editor in 100.52 ms, found 5 plugins.
Preloading 0 native plugins for Editor in 0.00 ms.
Initialize engine version: 2021.3.1f1 (3b70a0754835)
[Subsystems] Discovering subsystems at path D:/Program Files/Unity/Hub/Editor/2021.3.1f1/Editor/Data/Resources/UnitySubsystems
[Subsystems] Discovering subsystems at path D:/Unity Class/Dear/Assets
GfxDevice: creating device client; threaded=0; jobified=0
Direct3D:
    Version:  Direct3D 11.0 [level 11.1]
    Renderer: NVIDIA GeForce GTX 1060 with Max-Q Design (ID=0x1c20)
    Vendor:   NVIDIA
    VRAM:     6052 MB
    Driver:   30.0.15.1169
Shader 'Universal Render Pipeline/Lit': fallback shader 'Hidden/Universal Render Pipeline/FallbackError' not found
Shader 'Universal Render Pipeline/VR/SpatialMapping/Occlusion': fallback shader 'Hidden/Universal Render Pipeline/FallbackError' not found
Shader 'Universal Render Pipeline/VR/SpatialMapping/Wireframe': fallback shader 'Hidden/Universal Render Pipeline/FallbackError' not found
Shader 'Universal Render Pipeline/Simple Lit': fallback shader 'Hidden/Universal Render Pipeline/FallbackError' not found
Shader 'Universal Render Pipeline/Nature/SpeedTree7': dependency 'BillboardShader' shader 'Universal Render Pipeline/Nature/SpeedTree7 Billboard' not found
Shader 'Hidden/Universal Render Pipeline/StencilDeferred': fallback shader 'Hidden/Universal Render Pipeline/FallbackError' not found
Shader 'Universal Render Pipeline/Baked Lit': fallback shader 'Universal Render Pipeline/Unlit' not found
Shader 'Universal Render Pipeline/Particles/Simple Lit': fallback shader 'Universal Render Pipeline/Particles/Unlit' not found
Shader 'Universal Render Pipeline/Particles/Lit': fallback shader 'Universal Render Pipeline/Particles/Simple Lit' not found
Shader 'Hidden/Universal Render Pipeline/Terrain/Lit (Add Pass)': fallback shader 'Hidden/Universal Render Pipeline/FallbackError' not found
Shader 'Universal Render Pipeline/Complex Lit': fallback shader 'Hidden/Universal Render Pipeline/FallbackError' not found
Shader 'Universal Render Pipeline/Unlit': fallback shader 'Hidden/Universal Render Pipeline/FallbackError' not found
Initialize mono
Mono path[0] = 'D:/Program Files/Unity/Hub/Editor/2021.3.1f1/Editor/Data/Managed'
Mono path[1] = 'D:/Program Files/Unity/Hub/Editor/2021.3.1f1/Editor/Data/MonoBleedingEdge/lib/mono/unityjit-win32'
Mono config path = 'D:/Program Files/Unity/Hub/Editor/2021.3.1f1/Editor/Data/MonoBleedingEdge/etc'
Using monoOptions --debugger-agent=transport=dt_socket,embedding=1,server=y,suspend=n,address=127.0.0.1:56696
Begin MonoManager ReloadAssembly
Registering precompiled unity dll's ...
Register platform support module: D:/Program Files/Unity/Hub/Editor/2021.3.1f1/Editor/Data/PlaybackEngines/WindowsStandaloneSupport/UnityEditor.WindowsStandalone.Extensions.dll
Registered in 0.003809 seconds.
Native extension for WindowsStandalone target not found
Refreshing native plugins compatible for Editor in 82.75 ms, found 5 plugins.
Preloading 0 native plugins for Editor in 0.00 ms.
Mono: successfully reloaded assembly
- Completed reload, in  0.669 seconds
Domain Reload Profiling:
	ReloadAssembly (669ms)
		BeginReloadAssembly (72ms)
			ExecutionOrderSort (0ms)
			DisableScriptedObjects (0ms)
			BackupInstance (0ms)
			ReleaseScriptingObjects (0ms)
			CreateAndSetChildDomain (1ms)
		EndReloadAssembly (491ms)
			LoadAssemblies (71ms)
			RebuildTransferFunctionScriptingTraits (0ms)
			SetupTypeCache (122ms)
			ReleaseScriptCaches (0ms)
			RebuildScriptCaches (29ms)
			SetupLoadedEditorAssemblies (287ms)
				LogAssemblyErrors (0ms)
				InitializePlatformSupportModulesInManaged (7ms)
				SetLoadedEditorAssemblies (0ms)
				RefreshPlugins (83ms)
				BeforeProcessingInitializeOnLoad (1ms)
				ProcessInitializeOnLoadAttributes (132ms)
				ProcessInitializeOnLoadMethodAttributes (63ms)
				AfterProcessingInitializeOnLoad (0ms)
				EditorAssembliesLoaded (0ms)
			ExecutionOrderSort2 (0ms)
			AwakeInstancesAfterBackupRestoration (0ms)
Platform modules already initialized, skipping
Registering precompiled user dll's ...
Registered in 0.005441 seconds.
Begin MonoManager ReloadAssembly
Symbol file LoadedFromMemory is not a mono symbol file
Native extension for WindowsStandalone target not found
Refreshing native plugins compatible for Editor in 92.94 ms, found 5 plugins.
Preloading 0 native plugins for Editor in 0.00 ms.
Mono: successfully reloaded assembly
- Completed reload, in  5.105 seconds
Domain Reload Profiling:
	ReloadAssembly (5106ms)
		BeginReloadAssembly (114ms)
			ExecutionOrderSort (0ms)
			DisableScriptedObjects (7ms)
			BackupInstance (0ms)
			ReleaseScriptingObjects (0ms)
			CreateAndSetChildDomain (21ms)
		EndReloadAssembly (4850ms)
			LoadAssemblies (3342ms)
			RebuildTransferFunctionScriptingTraits (0ms)
			SetupTypeCache (302ms)
			ReleaseScriptCaches (1ms)
			RebuildScriptCaches (88ms)
			SetupLoadedEditorAssemblies (1033ms)
				LogAssemblyErrors (0ms)
				InitializePlatformSupportModulesInManaged (11ms)
				SetLoadedEditorAssemblies (0ms)
				RefreshPlugins (93ms)
				BeforeProcessingInitializeOnLoad (96ms)
				ProcessInitializeOnLoadAttributes (483ms)
				ProcessInitializeOnLoadMethodAttributes (343ms)
				AfterProcessingInitializeOnLoad (6ms)
				EditorAssembliesLoaded (0ms)
			ExecutionOrderSort2 (0ms)
			AwakeInstancesAfterBackupRestoration (9ms)
Platform modules already initialized, skipping
========================================================================
Worker process is ready to serve import requests
Shader 'Hidden/Universal Render Pipeline/Terrain/Lit (Base Pass)': fallback shader 'Hidden/Universal Render Pipeline/FallbackError' not found
WARNING: Shader Unsupported: 'Hidden/Universal Render Pipeline/Terrain/Lit (Base Pass)' - All subshaders removed
WARNING: Shader Did you use #pragma only_renderers and omit this platform?
WARNING: Shader If subshaders removal was intentional, you may have forgotten turning Fallback off?
WARNING: Shader Unsupported: 'Hidden/Universal Render Pipeline/Terrain/Lit (Base Pass)' - All subshaders removed
WARNING: Shader Did you use #pragma only_renderers and omit this platform?
WARNING: Shader If subshaders removal was intentional, you may have forgotten turning Fallback off?
Launched and connected shader compiler UnityShaderCompiler.exe after 2.08 seconds
Refreshing native plugins compatible for Editor in 2.39 ms, found 5 plugins.
Preloading 0 native plugins for Editor in 0.00 ms.
Unloading 4564 Unused Serialized files (Serialized files now loaded: 0)
Unloading 109 unused Assets / (0.8 MB). Loaded Objects now: 4979.
Memory consumption went from 199.5 MB to 198.7 MB.
Total: 4.626100 ms (FindLiveObjects: 0.391200 ms CreateObjectMapping: 0.316700 ms MarkObjects: 3.564500 ms  DeleteObjects: 0.352400 ms)

AssetImportParameters requested are different than current active one (requested -> active):
  custom:video-decoder-ogg-theora: a1e56fd34408186e4bbccfd4996cb3dc -> 
  custom:container-muxer-webm: aa71ff27fc2769a1b78a27578f13a17b -> 
  custom:container-demuxer-webm: 4f35f7cbe854078d1ac9338744f61a02 -> 
  custom:srp/default-shader: 0000e00a000e0de00000e000e0000000 -> 0000e00a000e0de00000e000e02d0000
  custom:video-encoder-webm-vp8: eb34c28f22e8b96e1ab97ce403110664 -> 
  custom:video-codec-MediaFoundation-h265: 746d11721c4dcdbdad8f713fa42b33f4 -> 
  custom:audio-encoder-webm-vorbis: bf7c407c2cedff20999df2af8eb42d56 -> 
  custom:framework-win-MediaFoundation: 216162199b28c13a410421893ffa2e32 -> 
  custom:container-demuxer-ogg: 62fdf1f143b41e24485cea50d1cbac27 -> 
  custom:video-decoder-webm-vp8: 9c59270c3fd7afecdb556c50c9e8de78 -> 
  custom:audio-decoder-ogg-vorbis: bf7c407c2cedff20999df2af8eb42d56 -> 
========================================================================
Received Import Request.
  Time since last request: 7571.387939 seconds.
  path: Assets/Game/Effect/effect_006.mat
  artifactKey: Guid(fc33104b7f0539848bd5d8eddceec779) Importer(815301076,1909f56bfc062723c751e8b465ee728b)
Start importing Assets/Game/Effect/effect_006.mat using Guid(fc33104b7f0539848bd5d8eddceec779) Importer(815301076,1909f56bfc062723c751e8b465ee728b)  -> (artifact id: '197d21556d339b51731dad64887ce851') in 2.127718 seconds 
========================================================================
Received Import Request.
  Time since last request: 0.000029 seconds.
  path: Assets/Game/Effect/effect_007.mat
  artifactKey: Guid(6499af1563d44de4bb3e520397941184) Importer(815301076,1909f56bfc062723c751e8b465ee728b)
Start importing Assets/Game/Effect/effect_007.mat using Guid(6499af1563d44de4bb3e520397941184) Importer(815301076,1909f56bfc062723c751e8b465ee728b)  -> (artifact id: '9f358e9c17cc75b17013fb9ac952c1c7') in 0.103086 seconds 
========================================================================
Received Import Request.
  Time since last request: 0.000040 seconds.
  path: Assets/Game/Effect/effect_003.png
  artifactKey: Guid(3ee80835819bba24e82aab6eadd1c93e) Importer(815301076,1909f56bfc062723c751e8b465ee728b)
Start importing Assets/Game/Effect/effect_003.png using Guid(3ee80835819bba24e82aab6eadd1c93e) Importer(815301076,1909f56bfc062723c751e8b465ee728b)  -> (artifact id: '3364d6cd20eed9a76d40f527d38c967a') in 0.086421 seconds 
========================================================================
Received Prepare
Refreshing native plugins compatible for Editor in 11.92 ms, found 5 plugins.
Preloading 0 native plugins for Editor in 0.00 ms.
Unloading 81 Unused Serialized files (Serialized files now loaded: 0)
Unloading 82 unused Assets / (0.7 MB). Loaded Objects now: 5090.
Memory consumption went from 108.9 MB to 108.2 MB.
Total: 23.030300 ms (FindLiveObjects: 0.370100 ms CreateObjectMapping: 0.264800 ms MarkObjects: 22.055800 ms  DeleteObjects: 0.338700 ms)

AssetImportParameters requested are different than current active one (requested -> active):
  custom:video-decoder-ogg-theora: a1e56fd34408186e4bbccfd4996cb3dc -> 
  custom:container-muxer-webm: aa71ff27fc2769a1b78a27578f13a17b -> 
  custom:container-demuxer-webm: 4f35f7cbe854078d1ac9338744f61a02 -> 
  custom:video-encoder-webm-vp8: eb34c28f22e8b96e1ab97ce403110664 -> 
  custom:video-codec-MediaFoundation-h265: 746d11721c4dcdbdad8f713fa42b33f4 -> 
  custom:audio-encoder-webm-vorbis: bf7c407c2cedff20999df2af8eb42d56 -> 
  custom:framework-win-MediaFoundation: 216162199b28c13a410421893ffa2e32 -> 
  custom:container-demuxer-ogg: 62fdf1f143b41e24485cea50d1cbac27 -> 
  custom:video-decoder-webm-vp8: 9c59270c3fd7afecdb556c50c9e8de78 -> 
  custom:audio-decoder-ogg-vorbis: bf7c407c2cedff20999df2af8eb42d56 -> 
========================================================================
Received Import Request.
  Time since last request: 299.235152 seconds.
  path: Assets/Game/pipeLine/New Universal Render Pipeline Asset_Renderer.asset
  artifactKey: Guid(ebe24be4cb9ec1f44a343941555fb838) Importer(815301076,1909f56bfc062723c751e8b465ee728b)
Start importing Assets/Game/pipeLine/New Universal Render Pipeline Asset_Renderer.asset using Guid(ebe24be4cb9ec1f44a343941555fb838) Importer(815301076,1909f56bfc062723c751e8b465ee728b)  -> (artifact id: '9f1176ed13c0794fda74e0934d627230') in 0.026213 seconds 
========================================================================
Received Import Request.
  Time since last request: 6.187575 seconds.
  path: Assets/Dust_effect/Dust_effectTimeline.playable
  artifactKey: Guid(5db9b59956ebff54884bcc662216505f) Importer(815301076,1909f56bfc062723c751e8b465ee728b)
Start importing Assets/Dust_effect/Dust_effectTimeline.playable using Guid(5db9b59956ebff54884bcc662216505f) Importer(815301076,1909f56bfc062723c751e8b465ee728b)  -> (artifact id: 'd2fb2fb6ae1e0ee2a78bb0182fa31129') in 0.016351 seconds 
========================================================================
Received Import Request.
  Time since last request: 0.000044 seconds.
  path: Assets/Dust_effect/New Material 4.mat
  artifactKey: Guid(b858355fd17d8bb4083303dc9602ed04) Importer(815301076,1909f56bfc062723c751e8b465ee728b)
Start importing Assets/Dust_effect/New Material 4.mat using Guid(b858355fd17d8bb4083303dc9602ed04) Importer(815301076,1909f56bfc062723c751e8b465ee728b)  -> (artifact id: '86ace6306dd962e986c3360f990bc8c0') in 0.021150 seconds 
========================================================================
Received Import Request.
  Time since last request: 0.000037 seconds.
  path: Assets/Dust_effect/Sprite-000eeee3.png
  artifactKey: Guid(5bcd7d3f3bd550a42a964fd1f216d4fe) Importer(815301076,1909f56bfc062723c751e8b465ee728b)
Start importing Assets/Dust_effect/Sprite-000eeee3.png using Guid(5bcd7d3f3bd550a42a964fd1f216d4fe) Importer(815301076,1909f56bfc062723c751e8b465ee728b)  -> (artifact id: 'a2d3552606a83f6552fe4241774d2e3a') in 0.042661 seconds 
========================================================================
Received Import Request.
  Time since last request: 43.885687 seconds.
  path: Assets/Game/Prefab/Effect/Char_Yuz_Effect_001.prefab
  artifactKey: Guid(057aa867fa08be3498df9bcc0ae52c6d) Importer(815301076,1909f56bfc062723c751e8b465ee728b)
Start importing Assets/Game/Prefab/Effect/Char_Yuz_Effect_001.prefab using Guid(057aa867fa08be3498df9bcc0ae52c6d) Importer(815301076,1909f56bfc062723c751e8b465ee728b)  -> (artifact id: 'bf7b90eb2beef29ce82677ae4eae490e') in 0.103840 seconds 
========================================================================
Received Import Request.
  Time since last request: 0.000020 seconds.
  path: Assets/Game/Prefab/Effect/Char_Yuz_Effect_003.prefab
  artifactKey: Guid(1f0e2dba82d12dc4ab7f1b2e8522c7fe) Importer(815301076,1909f56bfc062723c751e8b465ee728b)
Start importing Assets/Game/Prefab/Effect/Char_Yuz_Effect_003.prefab using Guid(1f0e2dba82d12dc4ab7f1b2e8522c7fe) Importer(815301076,1909f56bfc062723c751e8b465ee728b)  -> (artifact id: 'e314dcbc707dbb6a322d23ae19933fcc') in 0.104576 seconds 
========================================================================
Received Import Request.
  Time since last request: 65.132160 seconds.
  path: Assets/Game/Prefab/Dust_effect/New Material 4.mat
  artifactKey: Guid(b858355fd17d8bb4083303dc9602ed04) Importer(815301076,1909f56bfc062723c751e8b465ee728b)
Start importing Assets/Game/Prefab/Dust_effect/New Material 4.mat using Guid(b858355fd17d8bb4083303dc9602ed04) Importer(815301076,1909f56bfc062723c751e8b465ee728b)  -> (artifact id: '59ac497d52b5cb23da6f3fa43797aaa1') in 0.028473 seconds 
========================================================================
Received Import Request.
  Time since last request: 0.000035 seconds.
  path: Assets/Game/Prefab/Dust_effect/Sprite-000eeee3.png
  artifactKey: Guid(5bcd7d3f3bd550a42a964fd1f216d4fe) Importer(815301076,1909f56bfc062723c751e8b465ee728b)
Start importing Assets/Game/Prefab/Dust_effect/Sprite-000eeee3.png using Guid(5bcd7d3f3bd550a42a964fd1f216d4fe) Importer(815301076,1909f56bfc062723c751e8b465ee728b)  -> (artifact id: 'f74886900fa6a855af8ea150ffd34ab9') in 0.013089 seconds 
========================================================================
Received Import Request.
  Time since last request: 251.128471 seconds.
  path: Assets/Dust_effect/Sprite-000eeee3.png
  artifactKey: Guid(5bcd7d3f3bd550a42a964fd1f216d4fe) Importer(815301076,1909f56bfc062723c751e8b465ee728b)
Start importing Assets/Dust_effect/Sprite-000eeee3.png using Guid(5bcd7d3f3bd550a42a964fd1f216d4fe) Importer(815301076,1909f56bfc062723c751e8b465ee728b)  -> (artifact id: 'f779bd83a4b2f076f5af5d79c801833c') in 0.018986 seconds 
========================================================================
Received Import Request.
  Time since last request: 192.863591 seconds.
  path: Assets/Dust_effect/New Material 4.mat
  artifactKey: Guid(b858355fd17d8bb4083303dc9602ed04) Importer(815301076,1909f56bfc062723c751e8b465ee728b)
Start importing Assets/Dust_effect/New Material 4.mat using Guid(b858355fd17d8bb4083303dc9602ed04) Importer(815301076,1909f56bfc062723c751e8b465ee728b)  -> (artifact id: '20ac9061b77c5cecd3e3d6d31b79b827') in 0.029866 seconds 
========================================================================
Received Import Request.
  Time since last request: 6370.684064 seconds.
  path: Assets/Dust_effect/Dust_effect.prefab
  artifactKey: Guid(12453eddca888654cb7241e6f1d654bc) Importer(815301076,1909f56bfc062723c751e8b465ee728b)
Start importing Assets/Dust_effect/Dust_effect.prefab using Guid(12453eddca888654cb7241e6f1d654bc) Importer(815301076,1909f56bfc062723c751e8b465ee728b)  -> (artifact id: '7cf207eaaf069c40aae9a23e07a82dd9') in 0.083027 seconds 
========================================================================
Received Import Request.
  Time since last request: 12.912888 seconds.
  path: Assets/Dust_effect/Dust_effect.prefab
  artifactKey: Guid(12453eddca888654cb7241e6f1d654bc) Importer(815301076,1909f56bfc062723c751e8b465ee728b)
Start importing Assets/Dust_effect/Dust_effect.prefab using Guid(12453eddca888654cb7241e6f1d654bc) Importer(815301076,1909f56bfc062723c751e8b465ee728b)  -> (artifact id: 'ef5c1b9b24ec40dd86c75a6dba6a06ff') in 0.033703 seconds 
========================================================================
Received Import Request.
  Time since last request: 7.845253 seconds.
  path: Assets/Dust_effect/Dust_effect.prefab
  artifactKey: Guid(12453eddca888654cb7241e6f1d654bc) Importer(815301076,1909f56bfc062723c751e8b465ee728b)
Start importing Assets/Dust_effect/Dust_effect.prefab using Guid(12453eddca888654cb7241e6f1d654bc) Importer(815301076,1909f56bfc062723c751e8b465ee728b)  -> (artifact id: 'acf291c522bb78e7de029b1d50b89dc9') in 0.011217 seconds 
========================================================================
Received Import Request.
  Time since last request: 0.000025 seconds.
  path: Assets/Dust_effect/New Material 4.mat
  artifactKey: Guid(b858355fd17d8bb4083303dc9602ed04) Importer(815301076,1909f56bfc062723c751e8b465ee728b)
Start importing Assets/Dust_effect/New Material 4.mat using Guid(b858355fd17d8bb4083303dc9602ed04) Importer(815301076,1909f56bfc062723c751e8b465ee728b)  -> (artifact id: 'b80ceb4582cbe4b2430b75e134d2821b') in 0.013024 seconds 
========================================================================
Received Import Request.
  Time since last request: 4.281690 seconds.
  path: Assets/Dust_effect/support_effect_001.mat
  artifactKey: Guid(b858355fd17d8bb4083303dc9602ed04) Importer(815301076,1909f56bfc062723c751e8b465ee728b)
Start importing Assets/Dust_effect/support_effect_001.mat using Guid(b858355fd17d8bb4083303dc9602ed04) Importer(815301076,1909f56bfc062723c751e8b465ee728b)  -> (artifact id: '6dfdaf64fa2b6702125408664a64ffcc') in 0.023450 seconds 
========================================================================
Received Prepare
Registering precompiled user dll's ...
Registered in 0.161129 seconds.
Begin MonoManager ReloadAssembly
Symbol file LoadedFromMemory is not a mono symbol file
Native extension for WindowsStandalone target not found
Refreshing native plugins compatible for Editor in 2.66 ms, found 5 plugins.
Preloading 0 native plugins for Editor in 0.00 ms.
[ScriptCompilation] NOT recompiling all scripts because this is an import worker process. Reason to compile was: Define symbols changed
Mono: successfully reloaded assembly
- Completed reload, in 16.388 seconds
Domain Reload Profiling:
	ReloadAssembly (16429ms)
		BeginReloadAssembly (7806ms)
			ExecutionOrderSort (0ms)
			DisableScriptedObjects (989ms)
			BackupInstance (0ms)
			ReleaseScriptingObjects (0ms)
			CreateAndSetChildDomain (2615ms)
		EndReloadAssembly (8128ms)
			LoadAssemblies (6308ms)
			RebuildTransferFunctionScriptingTraits (0ms)
			SetupTypeCache (1116ms)
			ReleaseScriptCaches (4ms)
			RebuildScriptCaches (204ms)
			SetupLoadedEditorAssemblies (1691ms)
				LogAssemblyErrors (0ms)
				InitializePlatformSupportModulesInManaged (55ms)
				SetLoadedEditorAssemblies (2ms)
				RefreshPlugins (3ms)
				BeforeProcessingInitializeOnLoad (230ms)
				ProcessInitializeOnLoadAttributes (1085ms)
				ProcessInitializeOnLoadMethodAttributes (304ms)
				AfterProcessingInitializeOnLoad (13ms)
				EditorAssembliesLoaded (0ms)
			ExecutionOrderSort2 (0ms)
			AwakeInstancesAfterBackupRestoration (48ms)
Platform modules already initialized, skipping
Refreshing native plugins compatible for Editor in 252.68 ms, found 5 plugins.
Preloading 0 native plugins for Editor in 0.00 ms.
Unloading 4561 Unused Serialized files (Serialized files now loaded: 0)
Unloading 123 unused Assets / (4.0 MB). Loaded Objects now: 5176.
Memory consumption went from 213.1 MB to 209.1 MB.
Total: 336.406800 ms (FindLiveObjects: 0.726900 ms CreateObjectMapping: 0.613000 ms MarkObjects: 331.537400 ms  DeleteObjects: 3.526200 ms)

AssetImportParameters requested are different than current active one (requested -> active):
  custom:video-decoder-ogg-theora: a1e56fd34408186e4bbccfd4996cb3dc -> 
  custom:container-muxer-webm: aa71ff27fc2769a1b78a27578f13a17b -> 
  custom:container-demuxer-webm: 4f35f7cbe854078d1ac9338744f61a02 -> 
  custom:video-encoder-webm-vp8: eb34c28f22e8b96e1ab97ce403110664 -> 
  custom:video-codec-MediaFoundation-h265: 746d11721c4dcdbdad8f713fa42b33f4 -> 
  custom:audio-encoder-webm-vorbis: bf7c407c2cedff20999df2af8eb42d56 -> 
  custom:framework-win-MediaFoundation: 216162199b28c13a410421893ffa2e32 -> 
  custom:container-demuxer-ogg: 62fdf1f143b41e24485cea50d1cbac27 -> 
  custom:video-decoder-webm-vp8: 9c59270c3fd7afecdb556c50c9e8de78 -> 
  custom:audio-decoder-ogg-vorbis: bf7c407c2cedff20999df2af8eb42d56 -> 
