Using pre-set license
Built from '2021.3/staging' branch; Version is '2021.3.1f1 (3b70a0754835) revision 3895456'; Using compiler version '192829333'; Build Type 'Release'
OS: 'Windows 10  (10.0.19043) 64bit Core' Language: 'ko' Physical Memory: 32717 MB
BatchMode: 1, IsHumanControllingUs: 0, StartBugReporterOnCrash: 0, Is64bit: 1, IsPro: 1

COMMAND LINE ARGUMENTS:
D:\program\2021.3.1f1\Editor\Unity.exe
-adb2
-batchMode
-noUpm
-name
AssetImportWorker6
-projectPath
D:/Dear
-logFile
Logs/AssetImportWorker6.log
-srvPort
12056
Successfully changed project path to: D:/Dear
D:/Dear
[UnityMemory] Configuration Parameters - Can be set up in boot.config
    "memorysetup-bucket-allocator-granularity=16"
    "memorysetup-bucket-allocator-bucket-count=8"
    "memorysetup-bucket-allocator-block-size=33554432"
    "memorysetup-bucket-allocator-block-count=8"
    "memorysetup-main-allocator-block-size=16777216"
    "memorysetup-thread-allocator-block-size=16777216"
    "memorysetup-gfx-main-allocator-block-size=16777216"
    "memorysetup-gfx-thread-allocator-block-size=16777216"
    "memorysetup-cache-allocator-block-size=4194304"
    "memorysetup-typetree-allocator-block-size=2097152"
    "memorysetup-profiler-bucket-allocator-granularity=16"
    "memorysetup-profiler-bucket-allocator-bucket-count=8"
    "memorysetup-profiler-bucket-allocator-block-size=33554432"
    "memorysetup-profiler-bucket-allocator-block-count=8"
    "memorysetup-profiler-allocator-block-size=16777216"
    "memorysetup-profiler-editor-allocator-block-size=1048576"
    "memorysetup-temp-allocator-size-main=16777216"
    "memorysetup-job-temp-allocator-block-size=2097152"
    "memorysetup-job-temp-allocator-block-size-background=1048576"
    "memorysetup-job-temp-allocator-reduction-small-platforms=262144"
    "memorysetup-temp-allocator-size-background-worker=32768"
    "memorysetup-temp-allocator-size-job-worker=262144"
    "memorysetup-temp-allocator-size-preload-manager=33554432"
    "memorysetup-temp-allocator-size-nav-mesh-worker=65536"
    "memorysetup-temp-allocator-size-audio-worker=65536"
    "memorysetup-temp-allocator-size-cloud-worker=32768"
    "memorysetup-temp-allocator-size-gi-baking-worker=262144"
    "memorysetup-temp-allocator-size-gfx=262144"
Refreshing native plugins compatible for Editor in 108.15 ms, found 5 plugins.
Preloading 0 native plugins for Editor in 0.00 ms.
Initialize engine version: 2021.3.1f1 (3b70a0754835)
[Subsystems] Discovering subsystems at path D:/program/2021.3.1f1/Editor/Data/Resources/UnitySubsystems
[Subsystems] Discovering subsystems at path D:/Dear/Assets
GfxDevice: creating device client; threaded=0; jobified=0
Direct3D:
    Version:  Direct3D 11.0 [level 11.1]
    Renderer: Radeon RX 580 Series (ID=0x67df)
    Vendor:   ATI
    VRAM:     8171 MB
    Driver:   27.20.1034.6
Initialize mono
Mono path[0] = 'D:/program/2021.3.1f1/Editor/Data/Managed'
Mono path[1] = 'D:/program/2021.3.1f1/Editor/Data/MonoBleedingEdge/lib/mono/unityjit-win32'
Mono config path = 'D:/program/2021.3.1f1/Editor/Data/MonoBleedingEdge/etc'
Using monoOptions --debugger-agent=transport=dt_socket,embedding=1,server=y,suspend=n,address=127.0.0.1:56852
Begin MonoManager ReloadAssembly
Registering precompiled unity dll's ...
Register platform support module: D:/program/2021.3.1f1/Editor/Data/PlaybackEngines/WindowsStandaloneSupport/UnityEditor.WindowsStandalone.Extensions.dll
Registered in 0.003091 seconds.
Native extension for WindowsStandalone target not found
Refreshing native plugins compatible for Editor in 92.30 ms, found 5 plugins.
Preloading 0 native plugins for Editor in 0.00 ms.
Mono: successfully reloaded assembly
- Completed reload, in  0.710 seconds
Domain Reload Profiling:
	ReloadAssembly (710ms)
		BeginReloadAssembly (85ms)
			ExecutionOrderSort (0ms)
			DisableScriptedObjects (0ms)
			BackupInstance (0ms)
			ReleaseScriptingObjects (0ms)
			CreateAndSetChildDomain (1ms)
		EndReloadAssembly (495ms)
			LoadAssemblies (85ms)
			RebuildTransferFunctionScriptingTraits (0ms)
			SetupTypeCache (118ms)
			ReleaseScriptCaches (0ms)
			RebuildScriptCaches (30ms)
			SetupLoadedEditorAssemblies (288ms)
				LogAssemblyErrors (0ms)
				InitializePlatformSupportModulesInManaged (7ms)
				SetLoadedEditorAssemblies (0ms)
				RefreshPlugins (92ms)
				BeforeProcessingInitializeOnLoad (1ms)
				ProcessInitializeOnLoadAttributes (133ms)
				ProcessInitializeOnLoadMethodAttributes (54ms)
				AfterProcessingInitializeOnLoad (0ms)
				EditorAssembliesLoaded (0ms)
			ExecutionOrderSort2 (0ms)
			AwakeInstancesAfterBackupRestoration (0ms)
Platform modules already initialized, skipping
Registering precompiled user dll's ...
Registered in 0.007297 seconds.
Begin MonoManager ReloadAssembly
Symbol file LoadedFromMemory is not a mono symbol file
Native extension for WindowsStandalone target not found
Refreshing native plugins compatible for Editor in 92.08 ms, found 5 plugins.
Preloading 0 native plugins for Editor in 0.00 ms.
Mono: successfully reloaded assembly
- Completed reload, in  1.424 seconds
Domain Reload Profiling:
	ReloadAssembly (1425ms)
		BeginReloadAssembly (119ms)
			ExecutionOrderSort (0ms)
			DisableScriptedObjects (9ms)
			BackupInstance (0ms)
			ReleaseScriptingObjects (0ms)
			CreateAndSetChildDomain (19ms)
		EndReloadAssembly (1203ms)
			LoadAssemblies (100ms)
			RebuildTransferFunctionScriptingTraits (0ms)
			SetupTypeCache (267ms)
			ReleaseScriptCaches (1ms)
			RebuildScriptCaches (91ms)
			SetupLoadedEditorAssemblies (680ms)
				LogAssemblyErrors (0ms)
				InitializePlatformSupportModulesInManaged (12ms)
				SetLoadedEditorAssemblies (0ms)
				RefreshPlugins (92ms)
				BeforeProcessingInitializeOnLoad (99ms)
				ProcessInitializeOnLoadAttributes (371ms)
				ProcessInitializeOnLoadMethodAttributes (103ms)
				AfterProcessingInitializeOnLoad (3ms)
				EditorAssembliesLoaded (0ms)
			ExecutionOrderSort2 (0ms)
			AwakeInstancesAfterBackupRestoration (6ms)
Platform modules already initialized, skipping
========================================================================
Worker process is ready to serve import requests
Launched and connected shader compiler UnityShaderCompiler.exe after 0.06 seconds
Refreshing native plugins compatible for Editor in 3.38 ms, found 5 plugins.
Preloading 0 native plugins for Editor in 0.00 ms.
Unloading 4578 Unused Serialized files (Serialized files now loaded: 0)
Unloading 109 unused Assets / (0.8 MB). Loaded Objects now: 4984.
Memory consumption went from 198.9 MB to 198.2 MB.
Total: 9.379300 ms (FindLiveObjects: 0.673600 ms CreateObjectMapping: 0.357300 ms MarkObjects: 7.276900 ms  DeleteObjects: 1.069200 ms)

AssetImportParameters requested are different than current active one (requested -> active):
  custom:video-decoder-ogg-theora: a1e56fd34408186e4bbccfd4996cb3dc -> 
  custom:container-muxer-webm: aa71ff27fc2769a1b78a27578f13a17b -> 
  custom:container-demuxer-webm: 4f35f7cbe854078d1ac9338744f61a02 -> 
  custom:video-encoder-webm-vp8: eb34c28f22e8b96e1ab97ce403110664 -> 
  custom:audio-encoder-webm-vorbis: bf7c407c2cedff20999df2af8eb42d56 -> 
  custom:framework-win-MediaFoundation: 216162199b28c13a410421893ffa2e32 -> 
  custom:container-demuxer-ogg: 62fdf1f143b41e24485cea50d1cbac27 -> 
  custom:video-decoder-webm-vp8: 9c59270c3fd7afecdb556c50c9e8de78 -> 
  custom:audio-decoder-ogg-vorbis: bf7c407c2cedff20999df2af8eb42d56 -> 
========================================================================
Received Import Request.
  Time since last request: 94924.260164 seconds.
  path: Assets/Game/GraphicResources/BackGround/parallax/mid_building_1-3.png
  artifactKey: Guid(ab185113a031cef4193d8617b30b186c) Importer(815301076,1909f56bfc062723c751e8b465ee728b)
Start importing Assets/Game/GraphicResources/BackGround/parallax/mid_building_1-3.png using Guid(ab185113a031cef4193d8617b30b186c) Importer(815301076,1909f56bfc062723c751e8b465ee728b)  -> (artifact id: '5e4b8f08ba62f129b80b74f548fb77af') in 0.122154 seconds 
========================================================================
Received Import Request.
  Time since last request: 39.455627 seconds.
  path: Assets/Game/GraphicResources/BackGround/parallax/mid_building_1-3.png
  artifactKey: Guid(ab185113a031cef4193d8617b30b186c) Importer(815301076,1909f56bfc062723c751e8b465ee728b)
Start importing Assets/Game/GraphicResources/BackGround/parallax/mid_building_1-3.png using Guid(ab185113a031cef4193d8617b30b186c) Importer(815301076,1909f56bfc062723c751e8b465ee728b)  -> (artifact id: '7ecbab2973cf6575411c21fa99deda77') in 0.023506 seconds 
========================================================================
Received Import Request.
  Time since last request: 6.464374 seconds.
  path: Assets/Game/GraphicResources/BackGround/parallax/mid_building_1-3.png
  artifactKey: Guid(ab185113a031cef4193d8617b30b186c) Importer(815301076,1909f56bfc062723c751e8b465ee728b)
Start importing Assets/Game/GraphicResources/BackGround/parallax/mid_building_1-3.png using Guid(ab185113a031cef4193d8617b30b186c) Importer(815301076,1909f56bfc062723c751e8b465ee728b)  -> (artifact id: '553d375977858e76ccf25607e3e99197') in 0.022936 seconds 
========================================================================
Received Import Request.
  Time since last request: 14.948048 seconds.
  path: Assets/Game/GraphicResources/BackGround/parallax/mid_building_1-3.png
  artifactKey: Guid(ab185113a031cef4193d8617b30b186c) Importer(815301076,1909f56bfc062723c751e8b465ee728b)
Start importing Assets/Game/GraphicResources/BackGround/parallax/mid_building_1-3.png using Guid(ab185113a031cef4193d8617b30b186c) Importer(815301076,1909f56bfc062723c751e8b465ee728b)  -> (artifact id: '663d021442a2cb11feb5d97aad305c97') in 0.022893 seconds 
========================================================================
Received Import Request.
  Time since last request: 16.195648 seconds.
  path: Assets/Game/GraphicResources/BackGround/parallax/mid_tree_1-6.png
  artifactKey: Guid(3b360580b88811e40891a271760ffe24) Importer(815301076,1909f56bfc062723c751e8b465ee728b)
Start importing Assets/Game/GraphicResources/BackGround/parallax/mid_tree_1-6.png using Guid(3b360580b88811e40891a271760ffe24) Importer(815301076,1909f56bfc062723c751e8b465ee728b)  -> (artifact id: '5b293d6a5ba68148ec2fd097d61230fa') in 0.034575 seconds 
========================================================================
Received Import Request.
  Time since last request: 364.120273 seconds.
  path: Assets/Game/GraphicResources/BackGround/parallax/숲무드스케치_조명x.png
  artifactKey: Guid(7a7c936d092166741bd03d7d7228c8d6) Importer(815301076,1909f56bfc062723c751e8b465ee728b)
Start importing Assets/Game/GraphicResources/BackGround/parallax/숲무드스케치_조명x.png using Guid(7a7c936d092166741bd03d7d7228c8d6) Importer(815301076,1909f56bfc062723c751e8b465ee728b)  -> (artifact id: '65ccc385a7aec1609f4a1a14af4d241c') in 0.148544 seconds 
========================================================================
Received Import Request.
  Time since last request: 512.861790 seconds.
  path: Assets/Game/GraphicResources/BackGround/parallax/obj_mid_tree4.png
  artifactKey: Guid(df7f9ce21eb8e914a82cb938513d32ab) Importer(815301076,1909f56bfc062723c751e8b465ee728b)
Start importing Assets/Game/GraphicResources/BackGround/parallax/obj_mid_tree4.png using Guid(df7f9ce21eb8e914a82cb938513d32ab) Importer(815301076,1909f56bfc062723c751e8b465ee728b)  -> (artifact id: 'c3e892d2f66e731c4ddb4095b68dc7f4') in 0.037991 seconds 
========================================================================
Received Import Request.
  Time since last request: 40.943768 seconds.
  path: Assets/Game/GraphicResources/BackGround/parallax/obj_mid_tree4.png
  artifactKey: Guid(df7f9ce21eb8e914a82cb938513d32ab) Importer(815301076,1909f56bfc062723c751e8b465ee728b)
Start importing Assets/Game/GraphicResources/BackGround/parallax/obj_mid_tree4.png using Guid(df7f9ce21eb8e914a82cb938513d32ab) Importer(815301076,1909f56bfc062723c751e8b465ee728b)  -> (artifact id: '0d27a601505420c1f9305af26156e1db') in 0.032783 seconds 
========================================================================
Received Import Request.
  Time since last request: 35.475389 seconds.
  path: Assets/Game/GraphicResources/BackGround/parallax/obj_mid_tree4.png
  artifactKey: Guid(df7f9ce21eb8e914a82cb938513d32ab) Importer(815301076,1909f56bfc062723c751e8b465ee728b)
Start importing Assets/Game/GraphicResources/BackGround/parallax/obj_mid_tree4.png using Guid(df7f9ce21eb8e914a82cb938513d32ab) Importer(815301076,1909f56bfc062723c751e8b465ee728b)  -> (artifact id: '28fd54a5f438b72d4242bd245bff4c52') in 0.029787 seconds 
========================================================================
Received Import Request.
  Time since last request: 16.745178 seconds.
  path: Assets/Game/GraphicResources/BackGround/parallax/obj_mid_tree4.png
  artifactKey: Guid(df7f9ce21eb8e914a82cb938513d32ab) Importer(815301076,1909f56bfc062723c751e8b465ee728b)
Start importing Assets/Game/GraphicResources/BackGround/parallax/obj_mid_tree4.png using Guid(df7f9ce21eb8e914a82cb938513d32ab) Importer(815301076,1909f56bfc062723c751e8b465ee728b)  -> (artifact id: '9e521052243218b47ff989543730c94f') in 0.029473 seconds 
========================================================================
Received Import Request.
  Time since last request: 45.141286 seconds.
  path: Assets/Game/GraphicResources/BackGround/parallax/mid_tree_1-1.png
  artifactKey: Guid(9d66de14c58661540b00cf3bb016fa74) Importer(815301076,1909f56bfc062723c751e8b465ee728b)
Start importing Assets/Game/GraphicResources/BackGround/parallax/mid_tree_1-1.png using Guid(9d66de14c58661540b00cf3bb016fa74) Importer(815301076,1909f56bfc062723c751e8b465ee728b)  -> (artifact id: 'ffb29e2b6c565f2d62d6d3a945c41520') in 0.031011 seconds 
========================================================================
Received Import Request.
  Time since last request: 199.981693 seconds.
  path: Assets/Game/GraphicResources/BackGround/parallax/mid_tree_1-5.png
  artifactKey: Guid(3036c54a2102fc146a00a3b8a9c03ce9) Importer(815301076,1909f56bfc062723c751e8b465ee728b)
Start importing Assets/Game/GraphicResources/BackGround/parallax/mid_tree_1-5.png using Guid(3036c54a2102fc146a00a3b8a9c03ce9) Importer(815301076,1909f56bfc062723c751e8b465ee728b)  -> (artifact id: '1387d88e4ee1c21f4aaac6e24fc34a81') in 0.025862 seconds 
========================================================================
Received Import Request.
  Time since last request: 182.155953 seconds.
  path: Assets/Game/GraphicResources/BackGround/parallax/obj_mid_tree2 (1).png
  artifactKey: Guid(e57aaae4d7d44da4190aa44a8064bf48) Importer(815301076,1909f56bfc062723c751e8b465ee728b)
Start importing Assets/Game/GraphicResources/BackGround/parallax/obj_mid_tree2 (1).png using Guid(e57aaae4d7d44da4190aa44a8064bf48) Importer(815301076,1909f56bfc062723c751e8b465ee728b)  -> (artifact id: '0fc6075fcdbf437fa85d2ab4b709fc48') in 0.039674 seconds 
========================================================================
Received Import Request.
  Time since last request: 81.811363 seconds.
  path: Assets/Game/GraphicResources/BackGround/parallax/obj_mid_tree2 (1).png
  artifactKey: Guid(e57aaae4d7d44da4190aa44a8064bf48) Importer(815301076,1909f56bfc062723c751e8b465ee728b)
Start importing Assets/Game/GraphicResources/BackGround/parallax/obj_mid_tree2 (1).png using Guid(e57aaae4d7d44da4190aa44a8064bf48) Importer(815301076,1909f56bfc062723c751e8b465ee728b)  -> (artifact id: '14591dc9eabfaed1f39df078a62f20dd') in 0.030343 seconds 
========================================================================
Received Import Request.
  Time since last request: 115.477525 seconds.
  path: Assets/Game/GraphicResources/BackGround/parallax/mid_building_1-3.png
  artifactKey: Guid(ab185113a031cef4193d8617b30b186c) Importer(815301076,1909f56bfc062723c751e8b465ee728b)
Start importing Assets/Game/GraphicResources/BackGround/parallax/mid_building_1-3.png using Guid(ab185113a031cef4193d8617b30b186c) Importer(815301076,1909f56bfc062723c751e8b465ee728b)  -> (artifact id: 'f8dc9b454b89a8ad0748c54442ed8f9f') in 0.030771 seconds 
========================================================================
Received Import Request.
  Time since last request: 52.751446 seconds.
  path: Assets/Game/GraphicResources/BackGround/parallax/mid_building_1-2.png
  artifactKey: Guid(e8b8f5f9f6d92004c852d82b9963c490) Importer(815301076,1909f56bfc062723c751e8b465ee728b)
Start importing Assets/Game/GraphicResources/BackGround/parallax/mid_building_1-2.png using Guid(e8b8f5f9f6d92004c852d82b9963c490) Importer(815301076,1909f56bfc062723c751e8b465ee728b)  -> (artifact id: 'f99ab459d16f7ff1ea87293c0207db49') in 0.035264 seconds 
========================================================================
Received Import Request.
  Time since last request: 56.191437 seconds.
  path: Assets/Game/GraphicResources/BackGround/parallax/mid_building_1-2.png
  artifactKey: Guid(e8b8f5f9f6d92004c852d82b9963c490) Importer(815301076,1909f56bfc062723c751e8b465ee728b)
Start importing Assets/Game/GraphicResources/BackGround/parallax/mid_building_1-2.png using Guid(e8b8f5f9f6d92004c852d82b9963c490) Importer(815301076,1909f56bfc062723c751e8b465ee728b)  -> (artifact id: '2b866302e222d766c94af352f5ce306f') in 0.036558 seconds 
========================================================================
Received Import Request.
  Time since last request: 224.203183 seconds.
  path: Assets/Game/GraphicResources/BackGround/parallax/mid_building_1-1.png
  artifactKey: Guid(4df41f38e2cb371499e4c365ea259f94) Importer(815301076,1909f56bfc062723c751e8b465ee728b)
Start importing Assets/Game/GraphicResources/BackGround/parallax/mid_building_1-1.png using Guid(4df41f38e2cb371499e4c365ea259f94) Importer(815301076,1909f56bfc062723c751e8b465ee728b)  -> (artifact id: 'a0e7236403e24a720e7428acea2e7645') in 0.042904 seconds 
========================================================================
Received Import Request.
  Time since last request: 0.000025 seconds.
  path: Assets/Game/GraphicResources/BackGround/parallax/mid_tree_1-4.png
  artifactKey: Guid(dd9310d204e535a42922aa6f296761ad) Importer(815301076,1909f56bfc062723c751e8b465ee728b)
Start importing Assets/Game/GraphicResources/BackGround/parallax/mid_tree_1-4.png using Guid(dd9310d204e535a42922aa6f296761ad) Importer(815301076,1909f56bfc062723c751e8b465ee728b)  -> (artifact id: '28b54f1b9eeddccff953b53f1abbfc69') in 0.040521 seconds 
========================================================================
Received Import Request.
  Time since last request: 0.000030 seconds.
  path: Assets/Game/GraphicResources/BackGround/parallax/obj_mid_tree1.png
  artifactKey: Guid(8ecd9679657bc004b94310bfdbe5ba03) Importer(815301076,1909f56bfc062723c751e8b465ee728b)
Start importing Assets/Game/GraphicResources/BackGround/parallax/obj_mid_tree1.png using Guid(8ecd9679657bc004b94310bfdbe5ba03) Importer(815301076,1909f56bfc062723c751e8b465ee728b)  -> (artifact id: '791643469add7d97543d9401ea296bec') in 0.036595 seconds 
========================================================================
Received Import Request.
  Time since last request: 0.000028 seconds.
  path: Assets/Game/GraphicResources/BackGround/parallax/mid_tree_1-3.png
  artifactKey: Guid(5f19286701dbcf24c8a15d1aade275fc) Importer(815301076,1909f56bfc062723c751e8b465ee728b)
Start importing Assets/Game/GraphicResources/BackGround/parallax/mid_tree_1-3.png using Guid(5f19286701dbcf24c8a15d1aade275fc) Importer(815301076,1909f56bfc062723c751e8b465ee728b)  -> (artifact id: 'f36a7f18a0cd825db46db2b17b835108') in 0.031997 seconds 
