Using pre-set license
Built from '2021.3/staging' branch; Version is '2021.3.1f1 (3b70a0754835) revision 3895456'; Using compiler version '192829333'; Build Type 'Release'
OS: 'Windows 10  (10.0.19043) 64bit Core' Language: 'ko' Physical Memory: 32717 MB
BatchMode: 1, IsHumanControllingUs: 0, StartBugReporterOnCrash: 0, Is64bit: 1, IsPro: 1

COMMAND LINE ARGUMENTS:
D:\program\2021.3.1f1\Editor\Unity.exe
-adb2
-batchMode
-noUpm
-name
AssetImportWorker2
-projectPath
D:/Dear
-logFile
Logs/AssetImportWorker2.log
-srvPort
12056
Successfully changed project path to: D:/Dear
D:/Dear
[UnityMemory] Configuration Parameters - Can be set up in boot.config
    "memorysetup-bucket-allocator-granularity=16"
    "memorysetup-bucket-allocator-bucket-count=8"
    "memorysetup-bucket-allocator-block-size=33554432"
    "memorysetup-bucket-allocator-block-count=8"
    "memorysetup-main-allocator-block-size=16777216"
    "memorysetup-thread-allocator-block-size=16777216"
    "memorysetup-gfx-main-allocator-block-size=16777216"
    "memorysetup-gfx-thread-allocator-block-size=16777216"
    "memorysetup-cache-allocator-block-size=4194304"
    "memorysetup-typetree-allocator-block-size=2097152"
    "memorysetup-profiler-bucket-allocator-granularity=16"
    "memorysetup-profiler-bucket-allocator-bucket-count=8"
    "memorysetup-profiler-bucket-allocator-block-size=33554432"
    "memorysetup-profiler-bucket-allocator-block-count=8"
    "memorysetup-profiler-allocator-block-size=16777216"
    "memorysetup-profiler-editor-allocator-block-size=1048576"
    "memorysetup-temp-allocator-size-main=16777216"
    "memorysetup-job-temp-allocator-block-size=2097152"
    "memorysetup-job-temp-allocator-block-size-background=1048576"
    "memorysetup-job-temp-allocator-reduction-small-platforms=262144"
    "memorysetup-temp-allocator-size-background-worker=32768"
    "memorysetup-temp-allocator-size-job-worker=262144"
    "memorysetup-temp-allocator-size-preload-manager=33554432"
    "memorysetup-temp-allocator-size-nav-mesh-worker=65536"
    "memorysetup-temp-allocator-size-audio-worker=65536"
    "memorysetup-temp-allocator-size-cloud-worker=32768"
    "memorysetup-temp-allocator-size-gi-baking-worker=262144"
    "memorysetup-temp-allocator-size-gfx=262144"
Refreshing native plugins compatible for Editor in 100.87 ms, found 5 plugins.
Preloading 0 native plugins for Editor in 0.00 ms.
Initialize engine version: 2021.3.1f1 (3b70a0754835)
[Subsystems] Discovering subsystems at path D:/program/2021.3.1f1/Editor/Data/Resources/UnitySubsystems
[Subsystems] Discovering subsystems at path D:/Dear/Assets
GfxDevice: creating device client; threaded=0; jobified=0
Direct3D:
    Version:  Direct3D 11.0 [level 11.1]
    Renderer: Radeon RX 580 Series (ID=0x67df)
    Vendor:   ATI
    VRAM:     8171 MB
    Driver:   27.20.1034.6
Initialize mono
Mono path[0] = 'D:/program/2021.3.1f1/Editor/Data/Managed'
Mono path[1] = 'D:/program/2021.3.1f1/Editor/Data/MonoBleedingEdge/lib/mono/unityjit-win32'
Mono config path = 'D:/program/2021.3.1f1/Editor/Data/MonoBleedingEdge/etc'
Using monoOptions --debugger-agent=transport=dt_socket,embedding=1,server=y,suspend=n,address=127.0.0.1:56060
Begin MonoManager ReloadAssembly
Registering precompiled unity dll's ...
Register platform support module: D:/program/2021.3.1f1/Editor/Data/PlaybackEngines/WindowsStandaloneSupport/UnityEditor.WindowsStandalone.Extensions.dll
Registered in 0.003236 seconds.
Native extension for WindowsStandalone target not found
Refreshing native plugins compatible for Editor in 92.01 ms, found 5 plugins.
Preloading 0 native plugins for Editor in 0.00 ms.
Mono: successfully reloaded assembly
- Completed reload, in  0.643 seconds
Domain Reload Profiling:
	ReloadAssembly (644ms)
		BeginReloadAssembly (72ms)
			ExecutionOrderSort (0ms)
			DisableScriptedObjects (0ms)
			BackupInstance (0ms)
			ReleaseScriptingObjects (0ms)
			CreateAndSetChildDomain (1ms)
		EndReloadAssembly (462ms)
			LoadAssemblies (71ms)
			RebuildTransferFunctionScriptingTraits (0ms)
			SetupTypeCache (104ms)
			ReleaseScriptCaches (0ms)
			RebuildScriptCaches (29ms)
			SetupLoadedEditorAssemblies (278ms)
				LogAssemblyErrors (0ms)
				InitializePlatformSupportModulesInManaged (7ms)
				SetLoadedEditorAssemblies (0ms)
				RefreshPlugins (92ms)
				BeforeProcessingInitializeOnLoad (1ms)
				ProcessInitializeOnLoadAttributes (127ms)
				ProcessInitializeOnLoadMethodAttributes (50ms)
				AfterProcessingInitializeOnLoad (0ms)
				EditorAssembliesLoaded (0ms)
			ExecutionOrderSort2 (0ms)
			AwakeInstancesAfterBackupRestoration (0ms)
Platform modules already initialized, skipping
Registering precompiled user dll's ...
Registered in 0.006360 seconds.
Begin MonoManager ReloadAssembly
Symbol file LoadedFromMemory is not a mono symbol file
Native extension for WindowsStandalone target not found
Refreshing native plugins compatible for Editor in 93.99 ms, found 5 plugins.
Preloading 0 native plugins for Editor in 0.00 ms.
Mono: successfully reloaded assembly
- Completed reload, in  1.333 seconds
Domain Reload Profiling:
	ReloadAssembly (1334ms)
		BeginReloadAssembly (113ms)
			ExecutionOrderSort (0ms)
			DisableScriptedObjects (7ms)
			BackupInstance (0ms)
			ReleaseScriptingObjects (0ms)
			CreateAndSetChildDomain (21ms)
		EndReloadAssembly (1119ms)
			LoadAssemblies (93ms)
			RebuildTransferFunctionScriptingTraits (0ms)
			SetupTypeCache (246ms)
			ReleaseScriptCaches (1ms)
			RebuildScriptCaches (75ms)
			SetupLoadedEditorAssemblies (657ms)
				LogAssemblyErrors (0ms)
				InitializePlatformSupportModulesInManaged (12ms)
				SetLoadedEditorAssemblies (1ms)
				RefreshPlugins (94ms)
				BeforeProcessingInitializeOnLoad (92ms)
				ProcessInitializeOnLoadAttributes (358ms)
				ProcessInitializeOnLoadMethodAttributes (97ms)
				AfterProcessingInitializeOnLoad (3ms)
				EditorAssembliesLoaded (0ms)
			ExecutionOrderSort2 (0ms)
			AwakeInstancesAfterBackupRestoration (6ms)
Platform modules already initialized, skipping
========================================================================
Worker process is ready to serve import requests
Launched and connected shader compiler UnityShaderCompiler.exe after 0.06 seconds
Refreshing native plugins compatible for Editor in 1.89 ms, found 5 plugins.
Preloading 0 native plugins for Editor in 0.00 ms.
Unloading 4578 Unused Serialized files (Serialized files now loaded: 0)
Unloading 109 unused Assets / (0.8 MB). Loaded Objects now: 4984.
Memory consumption went from 198.9 MB to 198.2 MB.
Total: 4.939800 ms (FindLiveObjects: 0.505800 ms CreateObjectMapping: 0.155400 ms MarkObjects: 3.862800 ms  DeleteObjects: 0.414700 ms)

AssetImportParameters requested are different than current active one (requested -> active):
  custom:video-decoder-ogg-theora: a1e56fd34408186e4bbccfd4996cb3dc -> 
  custom:container-muxer-webm: aa71ff27fc2769a1b78a27578f13a17b -> 
  custom:container-demuxer-webm: 4f35f7cbe854078d1ac9338744f61a02 -> 
  custom:video-encoder-webm-vp8: eb34c28f22e8b96e1ab97ce403110664 -> 
  custom:audio-encoder-webm-vorbis: bf7c407c2cedff20999df2af8eb42d56 -> 
  custom:framework-win-MediaFoundation: 216162199b28c13a410421893ffa2e32 -> 
  custom:container-demuxer-ogg: 62fdf1f143b41e24485cea50d1cbac27 -> 
  custom:video-decoder-webm-vp8: 9c59270c3fd7afecdb556c50c9e8de78 -> 
  custom:audio-decoder-ogg-vorbis: bf7c407c2cedff20999df2af8eb42d56 -> 
========================================================================
Received Import Request.
  Time since last request: 90746.544048 seconds.
  path: Assets/Game/GraphicResources/Object/Spring_Forest.png
  artifactKey: Guid(1eec69045afdfcd4489cd5707d30a98d) Importer(815301076,1909f56bfc062723c751e8b465ee728b)
Start importing Assets/Game/GraphicResources/Object/Spring_Forest.png using Guid(1eec69045afdfcd4489cd5707d30a98d) Importer(815301076,1909f56bfc062723c751e8b465ee728b)  -> (artifact id: '8546a4ef8aa53ec06f0c0c1259a0ed73') in 0.117829 seconds 
========================================================================
Received Import Request.
  Time since last request: 187.511477 seconds.
  path: Assets/Game/GraphicResources/Object/Forest/mon_poprog_1.png
  artifactKey: Guid(91225d9b13117304d942a220e464b7ad) Importer(815301076,1909f56bfc062723c751e8b465ee728b)
Start importing Assets/Game/GraphicResources/Object/Forest/mon_poprog_1.png using Guid(91225d9b13117304d942a220e464b7ad) Importer(815301076,1909f56bfc062723c751e8b465ee728b)  -> (artifact id: '4638408d214dfe8a3a5a2cbefe6b0e02') in 0.020587 seconds 
========================================================================
Received Import Request.
  Time since last request: 10.129486 seconds.
  path: Assets/Game/GraphicResources/Object/Forest/mon_poprog_1.png
  artifactKey: Guid(91225d9b13117304d942a220e464b7ad) Importer(815301076,1909f56bfc062723c751e8b465ee728b)
Start importing Assets/Game/GraphicResources/Object/Forest/mon_poprog_1.png using Guid(91225d9b13117304d942a220e464b7ad) Importer(815301076,1909f56bfc062723c751e8b465ee728b)  -> (artifact id: '96c6faa9aa9912e6662dc61081ad479b') in 0.016397 seconds 
========================================================================
Received Import Request.
  Time since last request: 7.512496 seconds.
  path: Assets/Game/GraphicResources/Object/Forest/mon_poprog_1.png
  artifactKey: Guid(91225d9b13117304d942a220e464b7ad) Importer(815301076,1909f56bfc062723c751e8b465ee728b)
Start importing Assets/Game/GraphicResources/Object/Forest/mon_poprog_1.png using Guid(91225d9b13117304d942a220e464b7ad) Importer(815301076,1909f56bfc062723c751e8b465ee728b)  -> (artifact id: 'd2da66eb2c8187d6ff039dcfb11fc4d0') in 0.015433 seconds 
========================================================================
Received Import Request.
  Time since last request: 14.713815 seconds.
  path: Assets/Game/GraphicResources/Object/Forest/mon_poprog_1.png
  artifactKey: Guid(91225d9b13117304d942a220e464b7ad) Importer(815301076,1909f56bfc062723c751e8b465ee728b)
Start importing Assets/Game/GraphicResources/Object/Forest/mon_poprog_1.png using Guid(91225d9b13117304d942a220e464b7ad) Importer(815301076,1909f56bfc062723c751e8b465ee728b)  -> (artifact id: 'ba83e7590a6e08c40a7b356304e4071d') in 0.012222 seconds 
========================================================================
Received Import Request.
  Time since last request: 11.837144 seconds.
  path: Assets/Game/GraphicResources/Object/Forest/mon_poprog_1.png
  artifactKey: Guid(91225d9b13117304d942a220e464b7ad) Importer(815301076,1909f56bfc062723c751e8b465ee728b)
Start importing Assets/Game/GraphicResources/Object/Forest/mon_poprog_1.png using Guid(91225d9b13117304d942a220e464b7ad) Importer(815301076,1909f56bfc062723c751e8b465ee728b)  -> (artifact id: '4ebdbfc9385ef8dbaebc343a98e4e9c9') in 0.011602 seconds 
========================================================================
Received Import Request.
  Time since last request: 146.201517 seconds.
  path: Assets/Game/Scenes/Level/Prolog_1_1.unity
  artifactKey: Guid(2ec89062824d12f4c876e5413f1f5a0c) Importer(815301076,1909f56bfc062723c751e8b465ee728b)
Start importing Assets/Game/Scenes/Level/Prolog_1_1.unity using Guid(2ec89062824d12f4c876e5413f1f5a0c) Importer(815301076,1909f56bfc062723c751e8b465ee728b)  -> (artifact id: '4822a4fde4cf7e2b7b32e40befb3dbbe') in 0.002188 seconds 
========================================================================
Received Import Request.
  Time since last request: 152.214826 seconds.
  path: Assets/Game/Scenes/Level/Tutorial_1_1.unity
  artifactKey: Guid(530be1a20472e724aa63872f7341df5e) Importer(815301076,1909f56bfc062723c751e8b465ee728b)
Start importing Assets/Game/Scenes/Level/Tutorial_1_1.unity using Guid(530be1a20472e724aa63872f7341df5e) Importer(815301076,1909f56bfc062723c751e8b465ee728b)  -> (artifact id: '50b33660402d8fea192adf1a9922cbf5') in 0.005763 seconds 
========================================================================
Received Import Request.
  Time since last request: 109.355812 seconds.
  path: Assets/Game/Prefab/InteractionObject
  artifactKey: Guid(f20faf17c31cf654ba7ad0855c0f9c70) Importer(815301076,1909f56bfc062723c751e8b465ee728b)
Start importing Assets/Game/Prefab/InteractionObject using Guid(f20faf17c31cf654ba7ad0855c0f9c70) Importer(815301076,1909f56bfc062723c751e8b465ee728b)  -> (artifact id: 'baa4eb27a4acb7d4b9b76db44942de15') in 0.005551 seconds 
========================================================================
Received Import Request.
  Time since last request: 0.166348 seconds.
  path: Assets/Game/Prefab/InteractionObject/BrokenObject.prefab
  artifactKey: Guid(3ce1dfaf1f1aa394d9b14e94f1a586f2) Importer(815301076,1909f56bfc062723c751e8b465ee728b)
Start importing Assets/Game/Prefab/InteractionObject/BrokenObject.prefab using Guid(3ce1dfaf1f1aa394d9b14e94f1a586f2) Importer(815301076,1909f56bfc062723c751e8b465ee728b)  -> (artifact id: '03e4619c841540936211d051e96b6855') in 0.182166 seconds 
========================================================================
Received Import Request.
  Time since last request: 0.000048 seconds.
  path: Assets/Game/Prefab/InteractionObject/LazerTrap.prefab
  artifactKey: Guid(9805763e98558004080c48a814aeb858) Importer(815301076,1909f56bfc062723c751e8b465ee728b)
Start importing Assets/Game/Prefab/InteractionObject/LazerTrap.prefab using Guid(9805763e98558004080c48a814aeb858) Importer(815301076,1909f56bfc062723c751e8b465ee728b)  -> (artifact id: '47cfa4290260b50d2e29e07f0fb9e361') in 0.025129 seconds 
========================================================================
Received Import Request.
  Time since last request: 0.000028 seconds.
  path: Assets/Game/Prefab/InteractionObject/Disable Scaffolding.prefab
  artifactKey: Guid(b10a04e89f5f48643ba7ee6f38e2744b) Importer(815301076,1909f56bfc062723c751e8b465ee728b)
Start importing Assets/Game/Prefab/InteractionObject/Disable Scaffolding.prefab using Guid(b10a04e89f5f48643ba7ee6f38e2744b) Importer(815301076,1909f56bfc062723c751e8b465ee728b)  -> (artifact id: 'a8473fb501b0d7d66b74b2609c32de33') in 0.014900 seconds 
========================================================================
Received Import Request.
  Time since last request: 0.000032 seconds.
  path: Assets/Game/Prefab/InteractionObject/ItemJump.prefab
  artifactKey: Guid(7001720f037015c4192194a2353da242) Importer(815301076,1909f56bfc062723c751e8b465ee728b)
Start importing Assets/Game/Prefab/InteractionObject/ItemJump.prefab using Guid(7001720f037015c4192194a2353da242) Importer(815301076,1909f56bfc062723c751e8b465ee728b)  -> (artifact id: 'c4de42be594078c9641d342718af41a1') in 0.014630 seconds 
========================================================================
Received Import Request.
  Time since last request: 0.000028 seconds.
  path: Assets/Game/Prefab/InteractionObject/DisabledWall.prefab
  artifactKey: Guid(3386847455e33194d90c7dc5ae466fdc) Importer(815301076,1909f56bfc062723c751e8b465ee728b)
Start importing Assets/Game/Prefab/InteractionObject/DisabledWall.prefab using Guid(3386847455e33194d90c7dc5ae466fdc) Importer(815301076,1909f56bfc062723c751e8b465ee728b)  -> (artifact id: 'f51b26aa9a4d845babde05d2a7a9a014') in 0.014826 seconds 
========================================================================
Received Import Request.
  Time since last request: 0.000024 seconds.
  path: Assets/Game/Prefab/InteractionObject/SwampArea.prefab
  artifactKey: Guid(5a540e9a7c575bf459fc72382b0a7605) Importer(815301076,1909f56bfc062723c751e8b465ee728b)
Start importing Assets/Game/Prefab/InteractionObject/SwampArea.prefab using Guid(5a540e9a7c575bf459fc72382b0a7605) Importer(815301076,1909f56bfc062723c751e8b465ee728b)  -> (artifact id: 'b46a583e390f99cd003c6fbe50726f0b') in 0.010967 seconds 
========================================================================
Received Import Request.
  Time since last request: 0.000033 seconds.
  path: Assets/Game/Prefab/InteractionObject/Scaffolding.prefab
  artifactKey: Guid(d9242f21970e775459444ae1efca01e1) Importer(815301076,1909f56bfc062723c751e8b465ee728b)
Start importing Assets/Game/Prefab/InteractionObject/Scaffolding.prefab using Guid(d9242f21970e775459444ae1efca01e1) Importer(815301076,1909f56bfc062723c751e8b465ee728b)  -> (artifact id: '90731b21c5329e8b5796a2899e48dd80') in 0.015879 seconds 
========================================================================
Received Import Request.
  Time since last request: 0.000024 seconds.
  path: Assets/Game/Prefab/InteractionObject/LoopAttackTrap.prefab
  artifactKey: Guid(e22421f11861acc49bc72925bc316b3a) Importer(815301076,1909f56bfc062723c751e8b465ee728b)
Start importing Assets/Game/Prefab/InteractionObject/LoopAttackTrap.prefab using Guid(e22421f11861acc49bc72925bc316b3a) Importer(815301076,1909f56bfc062723c751e8b465ee728b)  -> (artifact id: 'ced8b4f9152ea0a8d436bf78708087fe') in 0.016034 seconds 
========================================================================
Received Import Request.
  Time since last request: 0.000034 seconds.
  path: Assets/Game/Prefab/InteractionObject/MadMissile.prefab
  artifactKey: Guid(97b61dd19812bcb4c88bd0b1b1d6d70f) Importer(815301076,1909f56bfc062723c751e8b465ee728b)
Start importing Assets/Game/Prefab/InteractionObject/MadMissile.prefab using Guid(97b61dd19812bcb4c88bd0b1b1d6d70f) Importer(815301076,1909f56bfc062723c751e8b465ee728b)  -> (artifact id: '204b36fb2a3a8d8cd26a6b33a35a822f') in 0.016115 seconds 
========================================================================
Received Import Request.
  Time since last request: 0.000035 seconds.
  path: Assets/Game/Prefab/InteractionObject/Interaction_Bust.prefab
  artifactKey: Guid(5b0d033cc6365db49be76c52c568bf49) Importer(815301076,1909f56bfc062723c751e8b465ee728b)
Start importing Assets/Game/Prefab/InteractionObject/Interaction_Bust.prefab using Guid(5b0d033cc6365db49be76c52c568bf49) Importer(815301076,1909f56bfc062723c751e8b465ee728b)  -> (artifact id: 'c36e38d34dc7b9e8543918c1a42b67e3') in 0.015827 seconds 
========================================================================
Received Import Request.
  Time since last request: 1.385455 seconds.
  path: Assets/Game/Prefab/Ingame
  artifactKey: Guid(f8390e975d1fa5b43a4b980cebaf2691) Importer(815301076,1909f56bfc062723c751e8b465ee728b)
Start importing Assets/Game/Prefab/Ingame using Guid(f8390e975d1fa5b43a4b980cebaf2691) Importer(815301076,1909f56bfc062723c751e8b465ee728b)  -> (artifact id: '3769472ff48dc0e495be046a657e358d') in 0.006006 seconds 
========================================================================
Received Import Request.
  Time since last request: 0.040351 seconds.
  path: Assets/Game/Prefab/Ingame/CamSetting.prefab
  artifactKey: Guid(66cb98e3d192ba34699fe520eb4907a2) Importer(815301076,1909f56bfc062723c751e8b465ee728b)
Start importing Assets/Game/Prefab/Ingame/CamSetting.prefab using Guid(66cb98e3d192ba34699fe520eb4907a2) Importer(815301076,1909f56bfc062723c751e8b465ee728b)  -> (artifact id: 'b2f78bff450705f3f69f960b71830aa9') in 0.013021 seconds 
========================================================================
Received Import Request.
  Time since last request: 0.000032 seconds.
  path: Assets/Game/Prefab/Ingame/StageManager.prefab
  artifactKey: Guid(45c42995c6ac05d47ab5916245de3f9b) Importer(815301076,1909f56bfc062723c751e8b465ee728b)
Start importing Assets/Game/Prefab/Ingame/StageManager.prefab using Guid(45c42995c6ac05d47ab5916245de3f9b) Importer(815301076,1909f56bfc062723c751e8b465ee728b)  -> (artifact id: 'a19af7483273be1780cd5a178a5f8897') in 0.009759 seconds 
========================================================================
Received Import Request.
  Time since last request: 0.000027 seconds.
  path: Assets/Game/Prefab/Ingame/MapLevel.prefab
  artifactKey: Guid(ea67fe93f636b614f9e78f326d689ffc) Importer(815301076,1909f56bfc062723c751e8b465ee728b)
Start importing Assets/Game/Prefab/Ingame/MapLevel.prefab using Guid(ea67fe93f636b614f9e78f326d689ffc) Importer(815301076,1909f56bfc062723c751e8b465ee728b)  -> (artifact id: 'a2b7d77c09a1b4b4f76bd0f634b19051') in 0.009096 seconds 
========================================================================
Received Import Request.
  Time since last request: 0.000026 seconds.
  path: Assets/Game/Prefab/Ingame/RoomManager.prefab
  artifactKey: Guid(b83b5a1b94efc1744b197e9cce51499d) Importer(815301076,1909f56bfc062723c751e8b465ee728b)
Start importing Assets/Game/Prefab/Ingame/RoomManager.prefab using Guid(b83b5a1b94efc1744b197e9cce51499d) Importer(815301076,1909f56bfc062723c751e8b465ee728b)  -> (artifact id: '1a91fb4d586360ec8a6b6655ab02e2e0') in 0.010688 seconds 
========================================================================
Received Import Request.
  Time since last request: 5.358527 seconds.
  path: Assets/Game/Prefab/Manager/InputManager.prefab
  artifactKey: Guid(3909f92fefee98d4584947dae07f8e98) Importer(815301076,1909f56bfc062723c751e8b465ee728b)
Start importing Assets/Game/Prefab/Manager/InputManager.prefab using Guid(3909f92fefee98d4584947dae07f8e98) Importer(815301076,1909f56bfc062723c751e8b465ee728b)  -> (artifact id: '099a52775ca6901087866999a490b371') in 0.011647 seconds 
Editor requested this worker to shutdown with reason: Scaling down because of idle timeout
AssetImportWorker is now disconnected from the server
Process exiting
Exiting without the bug reporter. Application will terminate with return code 0